[0.000000] (-) TimerEvent: {}
[0.000107] (transport_robots) JobQueued: {'identifier': 'transport_robots', 'dependencies': OrderedDict()}
[0.000250] (transport_robots) JobStarted: {'identifier': 'transport_robots'}
[0.004936] (transport_robots) JobProgress: {'identifier': 'transport_robots', 'progress': 'cmake'}
[0.005222] (transport_robots) JobProgress: {'identifier': 'transport_robots', 'progress': 'build'}
[0.005603] (transport_robots) Command: {'cmd': ['/usr/bin/cmake', '--build', '/workspace/build/transport_robots', '--', '-j20', '-l20'], 'cwd': '/workspace/build/transport_robots', 'env': OrderedDict([('HOSTNAME', 'tatsu-g15-ubuntu'), ('SHLVL', '1'), ('LD_LIBRARY_PATH', '/usr/lib/x86_64-linux-gnu/gazebo-11/plugins:/opt/ros/humble/opt/rviz_ogre_vendor/lib:/opt/ros/humble/lib/x86_64-linux-gnu:/opt/ros/humble/lib'), ('HOME', '/root'), ('OLDPWD', '/workspace'), ('ROS_PYTHON_VERSION', '3'), ('ROS_DISTRO', 'humble'), ('_', '/usr/bin/colcon'), ('ROS_VERSION', '2'), ('ROS_LOCALHOST_ONLY', '0'), ('QT_X11_NO_MITSHM', '1'), ('PATH', '/opt/ros/humble/bin:/usr/local/sbin:/usr/local/bin:/usr/sbin:/usr/bin:/sbin:/bin'), ('DISPLAY', ':1'), ('LANG', 'C.UTF-8'), ('RMW_IMPLEMENTATION', 'rmw_fastrtps_cpp'), ('ROS_DOMAIN_ID', '0'), ('AMENT_PREFIX_PATH', '/opt/ros/humble'), ('PWD', '/workspace/build/transport_robots'), ('LC_ALL', 'C.UTF-8'), ('PYTHONPATH', '/opt/ros/humble/lib/python3.10/site-packages:/opt/ros/humble/local/lib/python3.10/dist-packages'), ('COLCON', '1'), ('CMAKE_PREFIX_PATH', '/opt/ros/humble')]), 'shell': False}
[0.036125] (transport_robots) StdoutLine: {'line': b'Built target ament_cmake_python_copy_transport_robots\n'}
[0.099908] (-) TimerEvent: {}
[0.151519] (transport_robots) StdoutLine: {'line': b'running egg_info\n'}
[0.151940] (transport_robots) StdoutLine: {'line': b'writing transport_robots.egg-info/PKG-INFO\n'}
[0.152076] (transport_robots) StdoutLine: {'line': b'writing dependency_links to transport_robots.egg-info/dependency_links.txt\n'}
[0.152161] (transport_robots) StdoutLine: {'line': b'writing top-level names to transport_robots.egg-info/top_level.txt\n'}
[0.153311] (transport_robots) StdoutLine: {'line': b"reading manifest file 'transport_robots.egg-info/SOURCES.txt'\n"}
[0.153590] (transport_robots) StdoutLine: {'line': b"writing manifest file 'transport_robots.egg-info/SOURCES.txt'\n"}
[0.168055] (transport_robots) StdoutLine: {'line': b'Built target ament_cmake_python_build_transport_robots_egg\n'}
[0.173741] (transport_robots) CommandEnded: {'returncode': 0}
[0.173921] (transport_robots) JobProgress: {'identifier': 'transport_robots', 'progress': 'install'}
[0.178096] (transport_robots) Command: {'cmd': ['/usr/bin/cmake', '--install', '/workspace/build/transport_robots'], 'cwd': '/workspace/build/transport_robots', 'env': OrderedDict([('HOSTNAME', 'tatsu-g15-ubuntu'), ('SHLVL', '1'), ('LD_LIBRARY_PATH', '/usr/lib/x86_64-linux-gnu/gazebo-11/plugins:/opt/ros/humble/opt/rviz_ogre_vendor/lib:/opt/ros/humble/lib/x86_64-linux-gnu:/opt/ros/humble/lib'), ('HOME', '/root'), ('OLDPWD', '/workspace'), ('ROS_PYTHON_VERSION', '3'), ('ROS_DISTRO', 'humble'), ('_', '/usr/bin/colcon'), ('ROS_VERSION', '2'), ('ROS_LOCALHOST_ONLY', '0'), ('QT_X11_NO_MITSHM', '1'), ('PATH', '/opt/ros/humble/bin:/usr/local/sbin:/usr/local/bin:/usr/sbin:/usr/bin:/sbin:/bin'), ('DISPLAY', ':1'), ('LANG', 'C.UTF-8'), ('RMW_IMPLEMENTATION', 'rmw_fastrtps_cpp'), ('ROS_DOMAIN_ID', '0'), ('AMENT_PREFIX_PATH', '/opt/ros/humble'), ('PWD', '/workspace/build/transport_robots'), ('LC_ALL', 'C.UTF-8'), ('PYTHONPATH', '/opt/ros/humble/lib/python3.10/site-packages:/opt/ros/humble/local/lib/python3.10/dist-packages'), ('COLCON', '1'), ('CMAKE_PREFIX_PATH', '/opt/ros/humble')]), 'shell': False}
[0.181247] (transport_robots) StdoutLine: {'line': b'-- Install configuration: ""\n'}
[0.181322] (transport_robots) StdoutLine: {'line': b'-- Up-to-date: /workspace/install/transport_robots/share/transport_robots/environment/pythonpath.sh\n'}
[0.181352] (transport_robots) StdoutLine: {'line': b'-- Up-to-date: /workspace/install/transport_robots/share/transport_robots/environment/pythonpath.dsv\n'}
[0.181387] (transport_robots) StdoutLine: {'line': b'-- Up-to-date: /workspace/install/transport_robots/local/lib/python3.10/dist-packages/transport_robots-0.0.0-py3.10.egg-info\n'}
[0.181415] (transport_robots) StdoutLine: {'line': b'-- Installing: /workspace/install/transport_robots/local/lib/python3.10/dist-packages/transport_robots-0.0.0-py3.10.egg-info/PKG-INFO\n'}
[0.181562] (transport_robots) StdoutLine: {'line': b'-- Installing: /workspace/install/transport_robots/local/lib/python3.10/dist-packages/transport_robots-0.0.0-py3.10.egg-info/SOURCES.txt\n'}
[0.181624] (transport_robots) StdoutLine: {'line': b'-- Installing: /workspace/install/transport_robots/local/lib/python3.10/dist-packages/transport_robots-0.0.0-py3.10.egg-info/dependency_links.txt\n'}
[0.181654] (transport_robots) StdoutLine: {'line': b'-- Installing: /workspace/install/transport_robots/local/lib/python3.10/dist-packages/transport_robots-0.0.0-py3.10.egg-info/top_level.txt\n'}
[0.181680] (transport_robots) StdoutLine: {'line': b'-- Up-to-date: /workspace/install/transport_robots/local/lib/python3.10/dist-packages/transport_robots\n'}
[0.181705] (transport_robots) StdoutLine: {'line': b'-- Up-to-date: /workspace/install/transport_robots/local/lib/python3.10/dist-packages/transport_robots/__init__.py\n'}
[0.198722] (transport_robots) StdoutLine: {'line': b"Listing '/workspace/install/transport_robots/local/lib/python3.10/dist-packages/transport_robots'...\n"}
[0.200086] (-) TimerEvent: {}
[0.201227] (transport_robots) StdoutLine: {'line': b'-- Up-to-date: /workspace/install/transport_robots/lib/transport_robots/robot_controller.py\n'}
[0.201506] (transport_robots) StdoutLine: {'line': b'-- Up-to-date: /workspace/install/transport_robots/lib/transport_robots/warehouse_manager.py\n'}
[0.201555] (transport_robots) StdoutLine: {'line': b'-- Up-to-date: /workspace/install/transport_robots/lib/transport_robots/product_manager.py\n'}
[0.201588] (transport_robots) StdoutLine: {'line': b'-- Up-to-date: /workspace/install/transport_robots/share/transport_robots/launch/\n'}
[0.201618] (transport_robots) StdoutLine: {'line': b'-- Installing: /workspace/install/transport_robots/share/transport_robots/launch//simple_demo.launch.py\n'}
[0.201648] (transport_robots) StdoutLine: {'line': b'-- Up-to-date: /workspace/install/transport_robots/share/transport_robots/launch//warehouse_simulation.launch.py\n'}
[0.201675] (transport_robots) StdoutLine: {'line': b'-- Up-to-date: /workspace/install/transport_robots/share/transport_robots/urdf/\n'}
[0.201705] (transport_robots) StdoutLine: {'line': b'-- Up-to-date: /workspace/install/transport_robots/share/transport_robots/urdf//transport_robot.urdf.xacro\n'}
[0.201732] (transport_robots) StdoutLine: {'line': b'-- Up-to-date: /workspace/install/transport_robots/share/transport_robots/worlds/\n'}
[0.201883] (transport_robots) StdoutLine: {'line': b'-- Up-to-date: /workspace/install/transport_robots/share/transport_robots/worlds//warehouse.world\n'}
[0.201926] (transport_robots) StdoutLine: {'line': b'-- Installing: /workspace/install/transport_robots/share/transport_robots/worlds//simple_warehouse.world\n'}
[0.201956] (transport_robots) StdoutLine: {'line': b'-- Up-to-date: /workspace/install/transport_robots/share/ament_index/resource_index/package_run_dependencies/transport_robots\n'}
[0.201983] (transport_robots) StdoutLine: {'line': b'-- Up-to-date: /workspace/install/transport_robots/share/ament_index/resource_index/parent_prefix_path/transport_robots\n'}
[0.202010] (transport_robots) StdoutLine: {'line': b'-- Up-to-date: /workspace/install/transport_robots/share/transport_robots/environment/ament_prefix_path.sh\n'}
[0.202035] (transport_robots) StdoutLine: {'line': b'-- Up-to-date: /workspace/install/transport_robots/share/transport_robots/environment/ament_prefix_path.dsv\n'}
[0.202061] (transport_robots) StdoutLine: {'line': b'-- Up-to-date: /workspace/install/transport_robots/share/transport_robots/environment/path.sh\n'}
[0.202093] (transport_robots) StdoutLine: {'line': b'-- Up-to-date: /workspace/install/transport_robots/share/transport_robots/environment/path.dsv\n'}
[0.202120] (transport_robots) StdoutLine: {'line': b'-- Up-to-date: /workspace/install/transport_robots/share/transport_robots/local_setup.bash\n'}
[0.202145] (transport_robots) StdoutLine: {'line': b'-- Up-to-date: /workspace/install/transport_robots/share/transport_robots/local_setup.sh\n'}
[0.202170] (transport_robots) StdoutLine: {'line': b'-- Up-to-date: /workspace/install/transport_robots/share/transport_robots/local_setup.zsh\n'}
[0.202194] (transport_robots) StdoutLine: {'line': b'-- Up-to-date: /workspace/install/transport_robots/share/transport_robots/local_setup.dsv\n'}
[0.202218] (transport_robots) StdoutLine: {'line': b'-- Installing: /workspace/install/transport_robots/share/transport_robots/package.dsv\n'}
[0.202396] (transport_robots) StdoutLine: {'line': b'-- Up-to-date: /workspace/install/transport_robots/share/ament_index/resource_index/packages/transport_robots\n'}
[0.202486] (transport_robots) StdoutLine: {'line': b'-- Up-to-date: /workspace/install/transport_robots/share/transport_robots/cmake/transport_robotsConfig.cmake\n'}
[0.202572] (transport_robots) StdoutLine: {'line': b'-- Up-to-date: /workspace/install/transport_robots/share/transport_robots/cmake/transport_robotsConfig-version.cmake\n'}
[0.202854] (transport_robots) StdoutLine: {'line': b'-- Up-to-date: /workspace/install/transport_robots/share/transport_robots/package.xml\n'}
[0.202885] (transport_robots) CommandEnded: {'returncode': 0}
[0.212994] (transport_robots) JobEnded: {'identifier': 'transport_robots', 'rc': 0}
[0.213265] (-) EventReactorShutdown: {}
