[0.007s] Invoking command in '/workspace/build/transport_robots': CMAKE_PREFIX_PATH=${CMAKE_PREFIX_PATH}:/opt/ros/humble /usr/bin/cmake --build /workspace/build/transport_robots -- -j20 -l20
[0.038s] Built target ament_cmake_python_copy_transport_robots
[0.156s] running egg_info
[0.156s] writing transport_robots.egg-info/PKG-INFO
[0.156s] writing dependency_links to transport_robots.egg-info/dependency_links.txt
[0.156s] writing top-level names to transport_robots.egg-info/top_level.txt
[0.157s] reading manifest file 'transport_robots.egg-info/SOURCES.txt'
[0.157s] writing manifest file 'transport_robots.egg-info/SOURCES.txt'
[0.173s] Built target ament_cmake_python_build_transport_robots_egg
[0.180s] Invoked command in '/workspace/build/transport_robots' returned '0': CMAKE_PREFIX_PATH=${CMAKE_PREFIX_PATH}:/opt/ros/humble /usr/bin/cmake --build /workspace/build/transport_robots -- -j20 -l20
[0.185s] Invoking command in '/workspace/build/transport_robots': CMAKE_PREFIX_PATH=${CMAKE_PREFIX_PATH}:/opt/ros/humble /usr/bin/cmake --install /workspace/build/transport_robots
[0.188s] -- Install configuration: ""
[0.188s] -- Up-to-date: /workspace/install/transport_robots/share/transport_robots/environment/pythonpath.sh
[0.189s] -- Up-to-date: /workspace/install/transport_robots/share/transport_robots/environment/pythonpath.dsv
[0.189s] -- Up-to-date: /workspace/install/transport_robots/local/lib/python3.10/dist-packages/transport_robots-0.0.0-py3.10.egg-info
[0.189s] -- Installing: /workspace/install/transport_robots/local/lib/python3.10/dist-packages/transport_robots-0.0.0-py3.10.egg-info/PKG-INFO
[0.189s] -- Installing: /workspace/install/transport_robots/local/lib/python3.10/dist-packages/transport_robots-0.0.0-py3.10.egg-info/SOURCES.txt
[0.189s] -- Installing: /workspace/install/transport_robots/local/lib/python3.10/dist-packages/transport_robots-0.0.0-py3.10.egg-info/dependency_links.txt
[0.189s] -- Installing: /workspace/install/transport_robots/local/lib/python3.10/dist-packages/transport_robots-0.0.0-py3.10.egg-info/top_level.txt
[0.189s] -- Up-to-date: /workspace/install/transport_robots/local/lib/python3.10/dist-packages/transport_robots
[0.189s] -- Up-to-date: /workspace/install/transport_robots/local/lib/python3.10/dist-packages/transport_robots/__init__.py
[0.208s] Listing '/workspace/install/transport_robots/local/lib/python3.10/dist-packages/transport_robots'...
[0.211s] -- Up-to-date: /workspace/install/transport_robots/lib/transport_robots/robot_controller.py
[0.211s] -- Up-to-date: /workspace/install/transport_robots/lib/transport_robots/warehouse_manager.py
[0.211s] -- Up-to-date: /workspace/install/transport_robots/lib/transport_robots/product_manager.py
[0.211s] -- Up-to-date: /workspace/install/transport_robots/share/transport_robots/launch/
[0.211s] -- Up-to-date: /workspace/install/transport_robots/share/transport_robots/launch//warehouse_simulation.launch.py
[0.211s] -- Up-to-date: /workspace/install/transport_robots/share/transport_robots/urdf/
[0.212s] -- Up-to-date: /workspace/install/transport_robots/share/transport_robots/urdf//transport_robot.urdf.xacro
[0.212s] -- Up-to-date: /workspace/install/transport_robots/share/transport_robots/worlds/
[0.212s] -- Up-to-date: /workspace/install/transport_robots/share/transport_robots/worlds//warehouse.world
[0.212s] -- Up-to-date: /workspace/install/transport_robots/share/ament_index/resource_index/package_run_dependencies/transport_robots
[0.212s] -- Up-to-date: /workspace/install/transport_robots/share/ament_index/resource_index/parent_prefix_path/transport_robots
[0.212s] -- Up-to-date: /workspace/install/transport_robots/share/transport_robots/environment/ament_prefix_path.sh
[0.212s] -- Up-to-date: /workspace/install/transport_robots/share/transport_robots/environment/ament_prefix_path.dsv
[0.212s] -- Up-to-date: /workspace/install/transport_robots/share/transport_robots/environment/path.sh
[0.212s] -- Up-to-date: /workspace/install/transport_robots/share/transport_robots/environment/path.dsv
[0.212s] -- Up-to-date: /workspace/install/transport_robots/share/transport_robots/local_setup.bash
[0.212s] -- Up-to-date: /workspace/install/transport_robots/share/transport_robots/local_setup.sh
[0.212s] -- Up-to-date: /workspace/install/transport_robots/share/transport_robots/local_setup.zsh
[0.212s] -- Up-to-date: /workspace/install/transport_robots/share/transport_robots/local_setup.dsv
[0.212s] -- Installing: /workspace/install/transport_robots/share/transport_robots/package.dsv
[0.212s] -- Up-to-date: /workspace/install/transport_robots/share/ament_index/resource_index/packages/transport_robots
[0.212s] -- Up-to-date: /workspace/install/transport_robots/share/transport_robots/cmake/transport_robotsConfig.cmake
[0.212s] -- Up-to-date: /workspace/install/transport_robots/share/transport_robots/cmake/transport_robotsConfig-version.cmake
[0.212s] -- Up-to-date: /workspace/install/transport_robots/share/transport_robots/package.xml
[0.213s] Invoked command in '/workspace/build/transport_robots' returned '0': CMAKE_PREFIX_PATH=${CMAKE_PREFIX_PATH}:/opt/ros/humble /usr/bin/cmake --install /workspace/build/transport_robots
