[0.000000] (-) TimerEvent: {}
[0.000164] (transport_robots) JobQueued: {'identifier': 'transport_robots', 'dependencies': OrderedDict()}
[0.000396] (transport_robots) JobStarted: {'identifier': 'transport_robots'}
[0.005763] (transport_robots) JobProgress: {'identifier': 'transport_robots', 'progress': 'cmake'}
[0.006662] (transport_robots) JobProgress: {'identifier': 'transport_robots', 'progress': 'build'}
[0.006710] (transport_robots) Command: {'cmd': ['/usr/bin/cmake', '--build', '/workspace/build/transport_robots', '--', '-j20', '-l20'], 'cwd': '/workspace/build/transport_robots', 'env': OrderedDict([('HOSTNAME', 'tatsu-g15-ubuntu'), ('SHLVL', '1'), ('LD_LIBRARY_PATH', '/usr/lib/x86_64-linux-gnu/gazebo-11/plugins:/opt/ros/humble/opt/rviz_ogre_vendor/lib:/opt/ros/humble/lib/x86_64-linux-gnu:/opt/ros/humble/lib'), ('HOME', '/root'), ('OLDPWD', '/workspace'), ('ROS_PYTHON_VERSION', '3'), ('COLCON_PREFIX_PATH', '/workspace/install'), ('ROS_DISTRO', 'humble'), ('_', '/usr/bin/colcon'), ('ROS_VERSION', '2'), ('TERM', 'xterm'), ('ROS_LOCALHOST_ONLY', '0'), ('QT_X11_NO_MITSHM', '1'), ('PATH', '/opt/ros/humble/bin:/usr/local/sbin:/usr/local/bin:/usr/sbin:/usr/bin:/sbin:/bin'), ('DISPLAY', ':1'), ('LANG', 'C.UTF-8'), ('RMW_IMPLEMENTATION', 'rmw_fastrtps_cpp'), ('ROS_DOMAIN_ID', '0'), ('AMENT_PREFIX_PATH', '/workspace/install/transport_robots:/opt/ros/humble'), ('PWD', '/workspace/build/transport_robots'), ('LC_ALL', 'C.UTF-8'), ('PYTHONPATH', '/workspace/install/transport_robots/local/lib/python3.10/dist-packages:/opt/ros/humble/lib/python3.10/site-packages:/opt/ros/humble/local/lib/python3.10/dist-packages'), ('COLCON', '1'), ('CMAKE_PREFIX_PATH', '/workspace/install/transport_robots:/opt/ros/humble')]), 'shell': False}
[0.039782] (transport_robots) StdoutLine: {'line': b'Built target ament_cmake_python_copy_transport_robots\n'}
[0.099784] (-) TimerEvent: {}
[0.161906] (transport_robots) StdoutLine: {'line': b'running egg_info\n'}
[0.162046] (transport_robots) StdoutLine: {'line': b'writing transport_robots.egg-info/PKG-INFO\n'}
[0.162183] (transport_robots) StdoutLine: {'line': b'writing dependency_links to transport_robots.egg-info/dependency_links.txt\n'}
[0.162257] (transport_robots) StdoutLine: {'line': b'writing top-level names to transport_robots.egg-info/top_level.txt\n'}
[0.163445] (transport_robots) StdoutLine: {'line': b"reading manifest file 'transport_robots.egg-info/SOURCES.txt'\n"}
[0.163524] (transport_robots) StdoutLine: {'line': b"writing manifest file 'transport_robots.egg-info/SOURCES.txt'\n"}
[0.179737] (transport_robots) StdoutLine: {'line': b'Built target ament_cmake_python_build_transport_robots_egg\n'}
[0.185322] (transport_robots) CommandEnded: {'returncode': 0}
[0.185979] (transport_robots) JobProgress: {'identifier': 'transport_robots', 'progress': 'install'}
[0.190607] (transport_robots) Command: {'cmd': ['/usr/bin/cmake', '--install', '/workspace/build/transport_robots'], 'cwd': '/workspace/build/transport_robots', 'env': OrderedDict([('HOSTNAME', 'tatsu-g15-ubuntu'), ('SHLVL', '1'), ('LD_LIBRARY_PATH', '/usr/lib/x86_64-linux-gnu/gazebo-11/plugins:/opt/ros/humble/opt/rviz_ogre_vendor/lib:/opt/ros/humble/lib/x86_64-linux-gnu:/opt/ros/humble/lib'), ('HOME', '/root'), ('OLDPWD', '/workspace'), ('ROS_PYTHON_VERSION', '3'), ('COLCON_PREFIX_PATH', '/workspace/install'), ('ROS_DISTRO', 'humble'), ('_', '/usr/bin/colcon'), ('ROS_VERSION', '2'), ('TERM', 'xterm'), ('ROS_LOCALHOST_ONLY', '0'), ('QT_X11_NO_MITSHM', '1'), ('PATH', '/opt/ros/humble/bin:/usr/local/sbin:/usr/local/bin:/usr/sbin:/usr/bin:/sbin:/bin'), ('DISPLAY', ':1'), ('LANG', 'C.UTF-8'), ('RMW_IMPLEMENTATION', 'rmw_fastrtps_cpp'), ('ROS_DOMAIN_ID', '0'), ('AMENT_PREFIX_PATH', '/workspace/install/transport_robots:/opt/ros/humble'), ('PWD', '/workspace/build/transport_robots'), ('LC_ALL', 'C.UTF-8'), ('PYTHONPATH', '/workspace/install/transport_robots/local/lib/python3.10/dist-packages:/opt/ros/humble/lib/python3.10/site-packages:/opt/ros/humble/local/lib/python3.10/dist-packages'), ('COLCON', '1'), ('CMAKE_PREFIX_PATH', '/workspace/install/transport_robots:/opt/ros/humble')]), 'shell': False}
[0.194097] (transport_robots) StdoutLine: {'line': b'-- Install configuration: ""\n'}
[0.194178] (transport_robots) StdoutLine: {'line': b'-- Up-to-date: /workspace/install/transport_robots/share/transport_robots/environment/pythonpath.sh\n'}
[0.194212] (transport_robots) StdoutLine: {'line': b'-- Up-to-date: /workspace/install/transport_robots/share/transport_robots/environment/pythonpath.dsv\n'}
[0.194241] (transport_robots) StdoutLine: {'line': b'-- Up-to-date: /workspace/install/transport_robots/local/lib/python3.10/dist-packages/transport_robots-0.0.0-py3.10.egg-info\n'}
[0.194269] (transport_robots) StdoutLine: {'line': b'-- Up-to-date: /workspace/install/transport_robots/local/lib/python3.10/dist-packages/transport_robots-0.0.0-py3.10.egg-info/PKG-INFO\n'}
[0.194294] (transport_robots) StdoutLine: {'line': b'-- Up-to-date: /workspace/install/transport_robots/local/lib/python3.10/dist-packages/transport_robots-0.0.0-py3.10.egg-info/SOURCES.txt\n'}
[0.194319] (transport_robots) StdoutLine: {'line': b'-- Up-to-date: /workspace/install/transport_robots/local/lib/python3.10/dist-packages/transport_robots-0.0.0-py3.10.egg-info/dependency_links.txt\n'}
[0.194346] (transport_robots) StdoutLine: {'line': b'-- Up-to-date: /workspace/install/transport_robots/local/lib/python3.10/dist-packages/transport_robots-0.0.0-py3.10.egg-info/top_level.txt\n'}
[0.194372] (transport_robots) StdoutLine: {'line': b'-- Up-to-date: /workspace/install/transport_robots/local/lib/python3.10/dist-packages/transport_robots\n'}
[0.194397] (transport_robots) StdoutLine: {'line': b'-- Up-to-date: /workspace/install/transport_robots/local/lib/python3.10/dist-packages/transport_robots/__init__.py\n'}
[0.199890] (-) TimerEvent: {}
[0.211940] (transport_robots) StdoutLine: {'line': b"Listing '/workspace/install/transport_robots/local/lib/python3.10/dist-packages/transport_robots'...\n"}
[0.214493] (transport_robots) StdoutLine: {'line': b'-- Up-to-date: /workspace/install/transport_robots/lib/transport_robots/robot_controller.py\n'}
[0.214608] (transport_robots) StdoutLine: {'line': b'-- Up-to-date: /workspace/install/transport_robots/lib/transport_robots/warehouse_manager.py\n'}
[0.214641] (transport_robots) StdoutLine: {'line': b'-- Up-to-date: /workspace/install/transport_robots/lib/transport_robots/product_manager.py\n'}
[0.214672] (transport_robots) StdoutLine: {'line': b'-- Up-to-date: /workspace/install/transport_robots/share/transport_robots/launch/\n'}
[0.214701] (transport_robots) StdoutLine: {'line': b'-- Up-to-date: /workspace/install/transport_robots/share/transport_robots/launch//warehouse_simulation.launch.py\n'}
[0.214729] (transport_robots) StdoutLine: {'line': b'-- Up-to-date: /workspace/install/transport_robots/share/transport_robots/urdf/\n'}
[0.214755] (transport_robots) StdoutLine: {'line': b'-- Up-to-date: /workspace/install/transport_robots/share/transport_robots/urdf//transport_robot.urdf.xacro\n'}
[0.214781] (transport_robots) StdoutLine: {'line': b'-- Up-to-date: /workspace/install/transport_robots/share/transport_robots/worlds/\n'}
[0.214807] (transport_robots) StdoutLine: {'line': b'-- Up-to-date: /workspace/install/transport_robots/share/transport_robots/worlds//warehouse.world\n'}
[0.214832] (transport_robots) StdoutLine: {'line': b'-- Up-to-date: /workspace/install/transport_robots/share/ament_index/resource_index/package_run_dependencies/transport_robots\n'}
[0.214858] (transport_robots) StdoutLine: {'line': b'-- Up-to-date: /workspace/install/transport_robots/share/ament_index/resource_index/parent_prefix_path/transport_robots\n'}
[0.214886] (transport_robots) StdoutLine: {'line': b'-- Up-to-date: /workspace/install/transport_robots/share/transport_robots/environment/ament_prefix_path.sh\n'}
[0.214913] (transport_robots) StdoutLine: {'line': b'-- Up-to-date: /workspace/install/transport_robots/share/transport_robots/environment/ament_prefix_path.dsv\n'}
[0.214937] (transport_robots) StdoutLine: {'line': b'-- Up-to-date: /workspace/install/transport_robots/share/transport_robots/environment/path.sh\n'}
[0.214966] (transport_robots) StdoutLine: {'line': b'-- Up-to-date: /workspace/install/transport_robots/share/transport_robots/environment/path.dsv\n'}
[0.214990] (transport_robots) StdoutLine: {'line': b'-- Up-to-date: /workspace/install/transport_robots/share/transport_robots/local_setup.bash\n'}
[0.215148] (transport_robots) StdoutLine: {'line': b'-- Up-to-date: /workspace/install/transport_robots/share/transport_robots/local_setup.sh\n'}
[0.215193] (transport_robots) StdoutLine: {'line': b'-- Up-to-date: /workspace/install/transport_robots/share/transport_robots/local_setup.zsh\n'}
[0.215221] (transport_robots) StdoutLine: {'line': b'-- Up-to-date: /workspace/install/transport_robots/share/transport_robots/local_setup.dsv\n'}
[0.215246] (transport_robots) StdoutLine: {'line': b'-- Installing: /workspace/install/transport_robots/share/transport_robots/package.dsv\n'}
[0.215270] (transport_robots) StdoutLine: {'line': b'-- Up-to-date: /workspace/install/transport_robots/share/ament_index/resource_index/packages/transport_robots\n'}
[0.215296] (transport_robots) StdoutLine: {'line': b'-- Up-to-date: /workspace/install/transport_robots/share/transport_robots/cmake/transport_robotsConfig.cmake\n'}
[0.215320] (transport_robots) StdoutLine: {'line': b'-- Up-to-date: /workspace/install/transport_robots/share/transport_robots/cmake/transport_robotsConfig-version.cmake\n'}
[0.215344] (transport_robots) StdoutLine: {'line': b'-- Up-to-date: /workspace/install/transport_robots/share/transport_robots/package.xml\n'}
[0.216191] (transport_robots) CommandEnded: {'returncode': 0}
[0.229586] (transport_robots) JobEnded: {'identifier': 'transport_robots', 'rc': 0}
[0.230148] (-) EventReactorShutdown: {}
