[0.000000] (-) TimerEvent: {}
[0.000093] (transport_robots) JobQueued: {'identifier': 'transport_robots', 'dependencies': OrderedDict()}
[0.000109] (transport_robots) JobStarted: {'identifier': 'transport_robots'}
[0.009301] (transport_robots) JobProgress: {'identifier': 'transport_robots', 'progress': 'cmake'}
[0.009736] (transport_robots) Command: {'cmd': ['/usr/bin/cmake', '/workspace/src/transport_robots', '-DCMAKE_INSTALL_PREFIX=/workspace/install/transport_robots'], 'cwd': '/workspace/build/transport_robots', 'env': OrderedDict([('HOSTNAME', 'tatsu-g15-ubuntu'), ('SHLVL', '1'), ('LD_LIBRARY_PATH', '/usr/lib/x86_64-linux-gnu/gazebo-11/plugins:/opt/ros/humble/opt/rviz_ogre_vendor/lib:/opt/ros/humble/lib/x86_64-linux-gnu:/opt/ros/humble/lib'), ('HOME', '/root'), ('OLDPWD', '/workspace'), ('ROS_PYTHON_VERSION', '3'), ('ROS_DISTRO', 'humble'), ('_', '/usr/bin/colcon'), ('ROS_VERSION', '2'), ('TERM', 'xterm'), ('ROS_LOCALHOST_ONLY', '0'), ('QT_X11_NO_MITSHM', '1'), ('PATH', '/opt/ros/humble/bin:/usr/local/sbin:/usr/local/bin:/usr/sbin:/usr/bin:/sbin:/bin'), ('DISPLAY', ':1'), ('LANG', 'C.UTF-8'), ('RMW_IMPLEMENTATION', 'rmw_fastrtps_cpp'), ('ROS_DOMAIN_ID', '0'), ('AMENT_PREFIX_PATH', '/opt/ros/humble'), ('PWD', '/workspace/build/transport_robots'), ('LC_ALL', 'C.UTF-8'), ('PYTHONPATH', '/opt/ros/humble/lib/python3.10/site-packages:/opt/ros/humble/local/lib/python3.10/dist-packages'), ('COLCON', '1'), ('CMAKE_PREFIX_PATH', '/opt/ros/humble')]), 'shell': False}
[0.051101] (transport_robots) StdoutLine: {'line': b'-- The C compiler identification is GNU 11.4.0\n'}
[0.082389] (transport_robots) StdoutLine: {'line': b'-- The CXX compiler identification is GNU 11.4.0\n'}
[0.086209] (transport_robots) StdoutLine: {'line': b'-- Detecting C compiler ABI info\n'}
[0.099311] (-) TimerEvent: {}
[0.125659] (transport_robots) StdoutLine: {'line': b'-- Detecting C compiler ABI info - done\n'}
[0.129788] (transport_robots) StdoutLine: {'line': b'-- Check for working C compiler: /usr/bin/cc - skipped\n'}
[0.129871] (transport_robots) StdoutLine: {'line': b'-- Detecting C compile features\n'}
[0.130002] (transport_robots) StdoutLine: {'line': b'-- Detecting C compile features - done\n'}
[0.131840] (transport_robots) StdoutLine: {'line': b'-- Detecting CXX compiler ABI info\n'}
[0.174589] (transport_robots) StdoutLine: {'line': b'-- Detecting CXX compiler ABI info - done\n'}
[0.178948] (transport_robots) StdoutLine: {'line': b'-- Check for working CXX compiler: /usr/bin/c++ - skipped\n'}
[0.179174] (transport_robots) StdoutLine: {'line': b'-- Detecting CXX compile features\n'}
[0.179349] (transport_robots) StdoutLine: {'line': b'-- Detecting CXX compile features - done\n'}
[0.181153] (transport_robots) StdoutLine: {'line': b'-- Found ament_cmake: 1.3.12 (/opt/ros/humble/share/ament_cmake/cmake)\n'}
[0.199421] (-) TimerEvent: {}
[0.266477] (transport_robots) StdoutLine: {'line': b'-- Found Python3: /usr/bin/python3 (found version "3.10.12") found components: Interpreter \n'}
[0.299546] (-) TimerEvent: {}
[0.322587] (transport_robots) StdoutLine: {'line': b'-- Found rclpy: 3.3.17 (/opt/ros/humble/share/rclpy/cmake)\n'}
[0.323693] (transport_robots) StdoutLine: {'line': b'-- Found geometry_msgs: 4.9.0 (/opt/ros/humble/share/geometry_msgs/cmake)\n'}
[0.349490] (transport_robots) StdoutLine: {'line': b'-- Found rosidl_generator_c: 3.1.7 (/opt/ros/humble/share/rosidl_generator_c/cmake)\n'}
[0.352949] (transport_robots) StdoutLine: {'line': b'-- Found rosidl_adapter: 3.1.7 (/opt/ros/humble/share/rosidl_adapter/cmake)\n'}
[0.359607] (transport_robots) StdoutLine: {'line': b'-- Found rosidl_generator_cpp: 3.1.7 (/opt/ros/humble/share/rosidl_generator_cpp/cmake)\n'}
[0.367723] (transport_robots) StdoutLine: {'line': b'-- Using all available rosidl_typesupport_c: rosidl_typesupport_fastrtps_c;rosidl_typesupport_introspection_c\n'}
[0.379366] (transport_robots) StdoutLine: {'line': b'-- Using all available rosidl_typesupport_cpp: rosidl_typesupport_fastrtps_cpp;rosidl_typesupport_introspection_cpp\n'}
[0.399746] (-) TimerEvent: {}
[0.406595] (transport_robots) StdoutLine: {'line': b'-- Found sensor_msgs: 4.9.0 (/opt/ros/humble/share/sensor_msgs/cmake)\n'}
[0.420130] (transport_robots) StdoutLine: {'line': b'-- Found nav_msgs: 4.9.0 (/opt/ros/humble/share/nav_msgs/cmake)\n'}
[0.433213] (transport_robots) StdoutLine: {'line': b'-- Found tf2: 0.25.15 (/opt/ros/humble/share/tf2/cmake)\n'}
[0.442277] (transport_robots) StdoutLine: {'line': b'-- Found tf2_ros: 0.25.15 (/opt/ros/humble/share/tf2_ros/cmake)\n'}
[0.488506] (transport_robots) StdoutLine: {'line': b'-- Found rmw_implementation_cmake: 6.1.2 (/opt/ros/humble/share/rmw_implementation_cmake/cmake)\n'}
[0.490476] (transport_robots) StdoutLine: {'line': b'-- Found rmw_fastrtps_cpp: 6.2.8 (/opt/ros/humble/share/rmw_fastrtps_cpp/cmake)\n'}
[0.499876] (-) TimerEvent: {}
[0.547262] (transport_robots) StdoutLine: {'line': b'-- Found OpenSSL: /usr/lib/x86_64-linux-gnu/libcrypto.so (found version "3.0.2")  \n'}
[0.566394] (transport_robots) StdoutLine: {'line': b'-- Found FastRTPS: /opt/ros/humble/include  \n'}
[0.598193] (transport_robots) StdoutLine: {'line': b"-- Using RMW implementation 'rmw_fastrtps_cpp' as default\n"}
[0.600009] (-) TimerEvent: {}
[0.604308] (transport_robots) StdoutLine: {'line': b'-- Looking for pthread.h\n'}
[0.648712] (transport_robots) StdoutLine: {'line': b'-- Looking for pthread.h - found\n'}
[0.648836] (transport_robots) StdoutLine: {'line': b'-- Performing Test CMAKE_HAVE_LIBC_PTHREAD\n'}
[0.688045] (transport_robots) StdoutLine: {'line': b'-- Performing Test CMAKE_HAVE_LIBC_PTHREAD - Success\n'}
[0.688953] (transport_robots) StdoutLine: {'line': b'-- Found Threads: TRUE  \n'}
[0.700212] (-) TimerEvent: {}
[0.800418] (-) TimerEvent: {}
[0.845763] (transport_robots) StdoutLine: {'line': b'-- Found ament_lint_auto: 0.12.14 (/opt/ros/humble/share/ament_lint_auto/cmake)\n'}
[0.900617] (-) TimerEvent: {}
[0.913511] (transport_robots) StdoutLine: {'line': b"-- Added test 'copyright' to check source files copyright and LICENSE\n"}
[0.915865] (transport_robots) StdoutLine: {'line': b"-- Added test 'flake8' to check Python code syntax and style conventions\n"}
[0.916495] (transport_robots) StdoutLine: {'line': b"-- Added test 'lint_cmake' to check CMake code style\n"}
[0.917064] (transport_robots) StdoutLine: {'line': b"-- Added test 'pep257' to check Python code against some of the docstring style conventions in PEP 257\n"}
[0.918155] (transport_robots) StdoutLine: {'line': b"-- Added test 'xmllint' to check XML markup files\n"}
[0.918969] (transport_robots) StdoutLine: {'line': b'-- Configuring done\n'}
[0.922124] (transport_robots) StdoutLine: {'line': b'-- Generating done\n'}
[0.924310] (transport_robots) StdoutLine: {'line': b'-- Build files have been written to: /workspace/build/transport_robots\n'}
[0.931158] (transport_robots) CommandEnded: {'returncode': 0}
[0.931353] (transport_robots) JobProgress: {'identifier': 'transport_robots', 'progress': 'build'}
[0.931367] (transport_robots) Command: {'cmd': ['/usr/bin/cmake', '--build', '/workspace/build/transport_robots', '--', '-j20', '-l20'], 'cwd': '/workspace/build/transport_robots', 'env': OrderedDict([('HOSTNAME', 'tatsu-g15-ubuntu'), ('SHLVL', '1'), ('LD_LIBRARY_PATH', '/usr/lib/x86_64-linux-gnu/gazebo-11/plugins:/opt/ros/humble/opt/rviz_ogre_vendor/lib:/opt/ros/humble/lib/x86_64-linux-gnu:/opt/ros/humble/lib'), ('HOME', '/root'), ('OLDPWD', '/workspace'), ('ROS_PYTHON_VERSION', '3'), ('ROS_DISTRO', 'humble'), ('_', '/usr/bin/colcon'), ('ROS_VERSION', '2'), ('TERM', 'xterm'), ('ROS_LOCALHOST_ONLY', '0'), ('QT_X11_NO_MITSHM', '1'), ('PATH', '/opt/ros/humble/bin:/usr/local/sbin:/usr/local/bin:/usr/sbin:/usr/bin:/sbin:/bin'), ('DISPLAY', ':1'), ('LANG', 'C.UTF-8'), ('RMW_IMPLEMENTATION', 'rmw_fastrtps_cpp'), ('ROS_DOMAIN_ID', '0'), ('AMENT_PREFIX_PATH', '/opt/ros/humble'), ('PWD', '/workspace/build/transport_robots'), ('LC_ALL', 'C.UTF-8'), ('PYTHONPATH', '/opt/ros/humble/lib/python3.10/site-packages:/opt/ros/humble/local/lib/python3.10/dist-packages'), ('COLCON', '1'), ('CMAKE_PREFIX_PATH', '/opt/ros/humble')]), 'shell': False}
[0.960337] (transport_robots) StdoutLine: {'line': b'Built target ament_cmake_python_copy_transport_robots\n'}
[1.000793] (-) TimerEvent: {}
[1.081301] (transport_robots) StdoutLine: {'line': b'running egg_info\n'}
[1.081884] (transport_robots) StdoutLine: {'line': b'creating transport_robots.egg-info\n'}
[1.081956] (transport_robots) StdoutLine: {'line': b'writing transport_robots.egg-info/PKG-INFO\n'}
[1.081993] (transport_robots) StdoutLine: {'line': b'writing dependency_links to transport_robots.egg-info/dependency_links.txt\n'}
[1.082123] (transport_robots) StdoutLine: {'line': b'writing top-level names to transport_robots.egg-info/top_level.txt\n'}
[1.082192] (transport_robots) StdoutLine: {'line': b"writing manifest file 'transport_robots.egg-info/SOURCES.txt'\n"}
[1.083313] (transport_robots) StdoutLine: {'line': b"reading manifest file 'transport_robots.egg-info/SOURCES.txt'\n"}
[1.083398] (transport_robots) StdoutLine: {'line': b"writing manifest file 'transport_robots.egg-info/SOURCES.txt'\n"}
[1.098653] (transport_robots) StdoutLine: {'line': b'Built target ament_cmake_python_build_transport_robots_egg\n'}
[1.100967] (-) TimerEvent: {}
[1.104765] (transport_robots) CommandEnded: {'returncode': 0}
[1.105113] (transport_robots) JobProgress: {'identifier': 'transport_robots', 'progress': 'install'}
[1.109724] (transport_robots) Command: {'cmd': ['/usr/bin/cmake', '--install', '/workspace/build/transport_robots'], 'cwd': '/workspace/build/transport_robots', 'env': OrderedDict([('HOSTNAME', 'tatsu-g15-ubuntu'), ('SHLVL', '1'), ('LD_LIBRARY_PATH', '/usr/lib/x86_64-linux-gnu/gazebo-11/plugins:/opt/ros/humble/opt/rviz_ogre_vendor/lib:/opt/ros/humble/lib/x86_64-linux-gnu:/opt/ros/humble/lib'), ('HOME', '/root'), ('OLDPWD', '/workspace'), ('ROS_PYTHON_VERSION', '3'), ('ROS_DISTRO', 'humble'), ('_', '/usr/bin/colcon'), ('ROS_VERSION', '2'), ('TERM', 'xterm'), ('ROS_LOCALHOST_ONLY', '0'), ('QT_X11_NO_MITSHM', '1'), ('PATH', '/opt/ros/humble/bin:/usr/local/sbin:/usr/local/bin:/usr/sbin:/usr/bin:/sbin:/bin'), ('DISPLAY', ':1'), ('LANG', 'C.UTF-8'), ('RMW_IMPLEMENTATION', 'rmw_fastrtps_cpp'), ('ROS_DOMAIN_ID', '0'), ('AMENT_PREFIX_PATH', '/opt/ros/humble'), ('PWD', '/workspace/build/transport_robots'), ('LC_ALL', 'C.UTF-8'), ('PYTHONPATH', '/opt/ros/humble/lib/python3.10/site-packages:/opt/ros/humble/local/lib/python3.10/dist-packages'), ('COLCON', '1'), ('CMAKE_PREFIX_PATH', '/opt/ros/humble')]), 'shell': False}
[1.114113] (transport_robots) StdoutLine: {'line': b'-- Install configuration: ""\n'}
[1.114214] (transport_robots) StdoutLine: {'line': b'-- Installing: /workspace/install/transport_robots/share/transport_robots/environment/pythonpath.sh\n'}
[1.114253] (transport_robots) StdoutLine: {'line': b'-- Installing: /workspace/install/transport_robots/share/transport_robots/environment/pythonpath.dsv\n'}
[1.114284] (transport_robots) StdoutLine: {'line': b'-- Installing: /workspace/install/transport_robots/local/lib/python3.10/dist-packages/transport_robots-0.0.0-py3.10.egg-info\n'}
[1.114327] (transport_robots) StdoutLine: {'line': b'-- Installing: /workspace/install/transport_robots/local/lib/python3.10/dist-packages/transport_robots-0.0.0-py3.10.egg-info/PKG-INFO\n'}
[1.114376] (transport_robots) StdoutLine: {'line': b'-- Installing: /workspace/install/transport_robots/local/lib/python3.10/dist-packages/transport_robots-0.0.0-py3.10.egg-info/SOURCES.txt\n'}
[1.114407] (transport_robots) StdoutLine: {'line': b'-- Installing: /workspace/install/transport_robots/local/lib/python3.10/dist-packages/transport_robots-0.0.0-py3.10.egg-info/dependency_links.txt\n'}
[1.114435] (transport_robots) StdoutLine: {'line': b'-- Installing: /workspace/install/transport_robots/local/lib/python3.10/dist-packages/transport_robots-0.0.0-py3.10.egg-info/top_level.txt\n'}
[1.114463] (transport_robots) StdoutLine: {'line': b'-- Installing: /workspace/install/transport_robots/local/lib/python3.10/dist-packages/transport_robots\n'}
[1.114499] (transport_robots) StdoutLine: {'line': b'-- Installing: /workspace/install/transport_robots/local/lib/python3.10/dist-packages/transport_robots/__init__.py\n'}
[1.132903] (transport_robots) StdoutLine: {'line': b"Listing '/workspace/install/transport_robots/local/lib/python3.10/dist-packages/transport_robots'...\n"}
[1.133013] (transport_robots) StdoutLine: {'line': b"Compiling '/workspace/install/transport_robots/local/lib/python3.10/dist-packages/transport_robots/__init__.py'...\n"}
[1.135526] (transport_robots) StdoutLine: {'line': b'-- Installing: /workspace/install/transport_robots/lib/transport_robots/robot_controller.py\n'}
[1.135600] (transport_robots) StdoutLine: {'line': b'-- Installing: /workspace/install/transport_robots/lib/transport_robots/warehouse_manager.py\n'}
[1.135634] (transport_robots) StdoutLine: {'line': b'-- Installing: /workspace/install/transport_robots/lib/transport_robots/product_manager.py\n'}
[1.135662] (transport_robots) StdoutLine: {'line': b'-- Installing: /workspace/install/transport_robots/share/transport_robots/launch/\n'}
[1.135840] (transport_robots) StdoutLine: {'line': b'-- Installing: /workspace/install/transport_robots/share/transport_robots/launch//warehouse_simulation.launch.py\n'}
[1.135886] (transport_robots) StdoutLine: {'line': b'-- Installing: /workspace/install/transport_robots/share/transport_robots/urdf/\n'}
[1.135915] (transport_robots) StdoutLine: {'line': b'-- Installing: /workspace/install/transport_robots/share/transport_robots/urdf//transport_robot.urdf.xacro\n'}
[1.136055] (transport_robots) StdoutLine: {'line': b'-- Installing: /workspace/install/transport_robots/share/transport_robots/worlds/\n'}
[1.136100] (transport_robots) StdoutLine: {'line': b'-- Installing: /workspace/install/transport_robots/share/transport_robots/worlds//warehouse.world\n'}
[1.136130] (transport_robots) StderrLine: {'line': b'\x1b[31mCMake Error at cmake_install.cmake:90 (file):\n'}
[1.136169] (transport_robots) StderrLine: {'line': b'  file INSTALL cannot find "/workspace/src/transport_robots/config": No such\n'}
[1.136197] (transport_robots) StderrLine: {'line': b'  file or directory.\n'}
[1.136222] (transport_robots) StderrLine: {'line': b'\n'}
[1.136248] (transport_robots) StderrLine: {'line': b'\x1b[0m\n'}
[1.137264] (transport_robots) CommandEnded: {'returncode': 1}
[1.143238] (transport_robots) JobEnded: {'identifier': 'transport_robots', 'rc': 1}
[1.153630] (-) EventReactorShutdown: {}
