[0.000000] (-) TimerEvent: {}
[0.000104] (transport_robots) JobQueued: {'identifier': 'transport_robots', 'dependencies': OrderedDict()}
[0.000123] (transport_robots) JobStarted: {'identifier': 'transport_robots'}
[0.005057] (transport_robots) JobProgress: {'identifier': 'transport_robots', 'progress': 'cmake'}
[0.005348] (transport_robots) JobProgress: {'identifier': 'transport_robots', 'progress': 'build'}
[0.005759] (transport_robots) Command: {'cmd': ['/usr/bin/cmake', '--build', '/workspace/build/transport_robots', '--', '-j20', '-l20'], 'cwd': '/workspace/build/transport_robots', 'env': OrderedDict([('HOSTNAME', 'tatsu-g15-ubuntu'), ('SHLVL', '0'), ('LD_LIBRARY_PATH', '/usr/lib/x86_64-linux-gnu/gazebo-11/plugins:/opt/ros/humble/opt/rviz_ogre_vendor/lib:/opt/ros/humble/lib/x86_64-linux-gnu:/opt/ros/humble/lib'), ('HOME', '/root'), ('OLDPWD', '/workspace'), ('ROS_PYTHON_VERSION', '3'), ('ROS_DISTRO', 'humble'), ('_', '/usr/bin/colcon'), ('ROS_VERSION', '2'), ('NVIDIA_DRIVER_CAPABILITIES', 'all'), ('TERM', 'xterm'), ('LIBGL_ALWAYS_INDIRECT', '0'), ('ROS_LOCALHOST_ONLY', '0'), ('QT_X11_NO_MITSHM', '1'), ('PATH', '/opt/ros/humble/bin:/usr/local/sbin:/usr/local/bin:/usr/sbin:/usr/bin:/sbin:/bin'), ('DISPLAY', ':1'), ('LANG', 'C.UTF-8'), ('RMW_IMPLEMENTATION', 'rmw_fastrtps_cpp'), ('XAUTHORITY', '/tmp/.docker.xauth'), ('ROS_DOMAIN_ID', '0'), ('AMENT_PREFIX_PATH', '/opt/ros/humble'), ('PWD', '/workspace/build/transport_robots'), ('LC_ALL', 'C.UTF-8'), ('PYTHONPATH', '/opt/ros/humble/lib/python3.10/site-packages:/opt/ros/humble/local/lib/python3.10/dist-packages'), ('NVIDIA_VISIBLE_DEVICES', 'all'), ('COLCON', '1'), ('CMAKE_PREFIX_PATH', '/opt/ros/humble')]), 'shell': False}
[0.036655] (transport_robots) StdoutLine: {'line': b'Built target ament_cmake_python_copy_transport_robots\n'}
[0.099606] (-) TimerEvent: {}
[0.148627] (transport_robots) StdoutLine: {'line': b'running egg_info\n'}
[0.148782] (transport_robots) StdoutLine: {'line': b'writing transport_robots.egg-info/PKG-INFO\n'}
[0.148865] (transport_robots) StdoutLine: {'line': b'writing dependency_links to transport_robots.egg-info/dependency_links.txt\n'}
[0.149081] (transport_robots) StdoutLine: {'line': b'writing top-level names to transport_robots.egg-info/top_level.txt\n'}
[0.150167] (transport_robots) StdoutLine: {'line': b"reading manifest file 'transport_robots.egg-info/SOURCES.txt'\n"}
[0.150373] (transport_robots) StdoutLine: {'line': b"writing manifest file 'transport_robots.egg-info/SOURCES.txt'\n"}
[0.165296] (transport_robots) StdoutLine: {'line': b'Built target ament_cmake_python_build_transport_robots_egg\n'}
[0.170795] (transport_robots) CommandEnded: {'returncode': 0}
[0.170986] (transport_robots) JobProgress: {'identifier': 'transport_robots', 'progress': 'install'}
[0.175352] (transport_robots) Command: {'cmd': ['/usr/bin/cmake', '--install', '/workspace/build/transport_robots'], 'cwd': '/workspace/build/transport_robots', 'env': OrderedDict([('HOSTNAME', 'tatsu-g15-ubuntu'), ('SHLVL', '0'), ('LD_LIBRARY_PATH', '/usr/lib/x86_64-linux-gnu/gazebo-11/plugins:/opt/ros/humble/opt/rviz_ogre_vendor/lib:/opt/ros/humble/lib/x86_64-linux-gnu:/opt/ros/humble/lib'), ('HOME', '/root'), ('OLDPWD', '/workspace'), ('ROS_PYTHON_VERSION', '3'), ('ROS_DISTRO', 'humble'), ('_', '/usr/bin/colcon'), ('ROS_VERSION', '2'), ('NVIDIA_DRIVER_CAPABILITIES', 'all'), ('TERM', 'xterm'), ('LIBGL_ALWAYS_INDIRECT', '0'), ('ROS_LOCALHOST_ONLY', '0'), ('QT_X11_NO_MITSHM', '1'), ('PATH', '/opt/ros/humble/bin:/usr/local/sbin:/usr/local/bin:/usr/sbin:/usr/bin:/sbin:/bin'), ('DISPLAY', ':1'), ('LANG', 'C.UTF-8'), ('RMW_IMPLEMENTATION', 'rmw_fastrtps_cpp'), ('XAUTHORITY', '/tmp/.docker.xauth'), ('ROS_DOMAIN_ID', '0'), ('AMENT_PREFIX_PATH', '/opt/ros/humble'), ('PWD', '/workspace/build/transport_robots'), ('LC_ALL', 'C.UTF-8'), ('PYTHONPATH', '/opt/ros/humble/lib/python3.10/site-packages:/opt/ros/humble/local/lib/python3.10/dist-packages'), ('NVIDIA_VISIBLE_DEVICES', 'all'), ('COLCON', '1'), ('CMAKE_PREFIX_PATH', '/opt/ros/humble')]), 'shell': False}
[0.178772] (transport_robots) StdoutLine: {'line': b'-- Install configuration: ""\n'}
[0.178966] (transport_robots) StdoutLine: {'line': b'-- Up-to-date: /workspace/install/transport_robots/share/transport_robots/environment/pythonpath.sh\n'}
[0.179006] (transport_robots) StdoutLine: {'line': b'-- Up-to-date: /workspace/install/transport_robots/share/transport_robots/environment/pythonpath.dsv\n'}
[0.179034] (transport_robots) StdoutLine: {'line': b'-- Up-to-date: /workspace/install/transport_robots/local/lib/python3.10/dist-packages/transport_robots-0.0.0-py3.10.egg-info\n'}
[0.179060] (transport_robots) StdoutLine: {'line': b'-- Installing: /workspace/install/transport_robots/local/lib/python3.10/dist-packages/transport_robots-0.0.0-py3.10.egg-info/PKG-INFO\n'}
[0.179086] (transport_robots) StdoutLine: {'line': b'-- Installing: /workspace/install/transport_robots/local/lib/python3.10/dist-packages/transport_robots-0.0.0-py3.10.egg-info/SOURCES.txt\n'}
[0.179111] (transport_robots) StdoutLine: {'line': b'-- Installing: /workspace/install/transport_robots/local/lib/python3.10/dist-packages/transport_robots-0.0.0-py3.10.egg-info/dependency_links.txt\n'}
[0.179136] (transport_robots) StdoutLine: {'line': b'-- Installing: /workspace/install/transport_robots/local/lib/python3.10/dist-packages/transport_robots-0.0.0-py3.10.egg-info/top_level.txt\n'}
[0.179161] (transport_robots) StdoutLine: {'line': b'-- Up-to-date: /workspace/install/transport_robots/local/lib/python3.10/dist-packages/transport_robots\n'}
[0.179185] (transport_robots) StdoutLine: {'line': b'-- Up-to-date: /workspace/install/transport_robots/local/lib/python3.10/dist-packages/transport_robots/__init__.py\n'}
[0.195849] (transport_robots) StdoutLine: {'line': b"Listing '/workspace/install/transport_robots/local/lib/python3.10/dist-packages/transport_robots'...\n"}
[0.198154] (transport_robots) StdoutLine: {'line': b'-- Up-to-date: /workspace/install/transport_robots/lib/transport_robots/robot_controller.py\n'}
[0.198224] (transport_robots) StdoutLine: {'line': b'-- Up-to-date: /workspace/install/transport_robots/lib/transport_robots/warehouse_manager.py\n'}
[0.198258] (transport_robots) StdoutLine: {'line': b'-- Up-to-date: /workspace/install/transport_robots/lib/transport_robots/product_manager.py\n'}
[0.198286] (transport_robots) StdoutLine: {'line': b'-- Up-to-date: /workspace/install/transport_robots/share/transport_robots/launch/\n'}
[0.198316] (transport_robots) StdoutLine: {'line': b'-- Installing: /workspace/install/transport_robots/share/transport_robots/launch//warehouse_demo.launch.py\n'}
[0.198485] (transport_robots) StdoutLine: {'line': b'-- Up-to-date: /workspace/install/transport_robots/share/transport_robots/launch//simple_demo.launch.py\n'}
[0.198552] (transport_robots) StdoutLine: {'line': b'-- Up-to-date: /workspace/install/transport_robots/share/transport_robots/launch//warehouse_simulation.launch.py\n'}
[0.198586] (transport_robots) StdoutLine: {'line': b'-- Up-to-date: /workspace/install/transport_robots/share/transport_robots/urdf/\n'}
[0.198614] (transport_robots) StdoutLine: {'line': b'-- Up-to-date: /workspace/install/transport_robots/share/transport_robots/urdf//transport_robot.urdf.xacro\n'}
[0.198640] (transport_robots) StdoutLine: {'line': b'-- Up-to-date: /workspace/install/transport_robots/share/transport_robots/worlds/\n'}
[0.198666] (transport_robots) StdoutLine: {'line': b'-- Up-to-date: /workspace/install/transport_robots/share/transport_robots/worlds//warehouse.world\n'}
[0.198692] (transport_robots) StdoutLine: {'line': b'-- Up-to-date: /workspace/install/transport_robots/share/transport_robots/worlds//simple_warehouse.world\n'}
[0.198718] (transport_robots) StdoutLine: {'line': b'-- Installing: /workspace/install/transport_robots/share/transport_robots/worlds//warehouse_with_obstacles.world\n'}
[0.198743] (transport_robots) StdoutLine: {'line': b'-- Up-to-date: /workspace/install/transport_robots/share/ament_index/resource_index/package_run_dependencies/transport_robots\n'}
[0.198770] (transport_robots) StdoutLine: {'line': b'-- Up-to-date: /workspace/install/transport_robots/share/ament_index/resource_index/parent_prefix_path/transport_robots\n'}
[0.198801] (transport_robots) StdoutLine: {'line': b'-- Up-to-date: /workspace/install/transport_robots/share/transport_robots/environment/ament_prefix_path.sh\n'}
[0.198828] (transport_robots) StdoutLine: {'line': b'-- Up-to-date: /workspace/install/transport_robots/share/transport_robots/environment/ament_prefix_path.dsv\n'}
[0.198853] (transport_robots) StdoutLine: {'line': b'-- Up-to-date: /workspace/install/transport_robots/share/transport_robots/environment/path.sh\n'}
[0.198878] (transport_robots) StdoutLine: {'line': b'-- Up-to-date: /workspace/install/transport_robots/share/transport_robots/environment/path.dsv\n'}
[0.198905] (transport_robots) StdoutLine: {'line': b'-- Up-to-date: /workspace/install/transport_robots/share/transport_robots/local_setup.bash\n'}
[0.198929] (transport_robots) StdoutLine: {'line': b'-- Up-to-date: /workspace/install/transport_robots/share/transport_robots/local_setup.sh\n'}
[0.198954] (transport_robots) StdoutLine: {'line': b'-- Up-to-date: /workspace/install/transport_robots/share/transport_robots/local_setup.zsh\n'}
[0.198978] (transport_robots) StdoutLine: {'line': b'-- Up-to-date: /workspace/install/transport_robots/share/transport_robots/local_setup.dsv\n'}
[0.199003] (transport_robots) StdoutLine: {'line': b'-- Installing: /workspace/install/transport_robots/share/transport_robots/package.dsv\n'}
[0.199027] (transport_robots) StdoutLine: {'line': b'-- Up-to-date: /workspace/install/transport_robots/share/ament_index/resource_index/packages/transport_robots\n'}
[0.199056] (transport_robots) StdoutLine: {'line': b'-- Up-to-date: /workspace/install/transport_robots/share/transport_robots/cmake/transport_robotsConfig.cmake\n'}
[0.199081] (transport_robots) StdoutLine: {'line': b'-- Up-to-date: /workspace/install/transport_robots/share/transport_robots/cmake/transport_robotsConfig-version.cmake\n'}
[0.199109] (transport_robots) StdoutLine: {'line': b'-- Up-to-date: /workspace/install/transport_robots/share/transport_robots/package.xml\n'}
[0.200296] (transport_robots) CommandEnded: {'returncode': 0}
[0.200460] (-) TimerEvent: {}
[0.210717] (transport_robots) JobEnded: {'identifier': 'transport_robots', 'rc': 0}
[0.210982] (-) EventReactorShutdown: {}
