[0.063s] DEBUG:colcon:Command line arguments: ['/usr/bin/colcon', 'build', '--packages-select', 'transport_robots']
[0.063s] DEBUG:colcon:Parsed command line arguments: Namespace(log_base=None, log_level=None, verb_name='build', build_base='build', install_base='install', merge_install=False, symlink_install=False, test_result_base=None, continue_on_error=False, executor='parallel', parallel_workers=20, event_handlers=None, ignore_user_meta=False, metas=['./colcon.meta'], base_paths=['.'], packages_ignore=None, packages_ignore_regex=None, paths=None, packages_up_to=None, packages_up_to_regex=None, packages_above=None, packages_above_and_dependencies=None, packages_above_depth=None, packages_select_by_dep=None, packages_skip_by_dep=None, packages_skip_up_to=None, packages_select_build_failed=False, packages_skip_build_finished=False, packages_select_test_failures=False, packages_skip_test_passed=False, packages_select=['transport_robots'], packages_skip=None, packages_select_regex=None, packages_skip_regex=None, packages_start=None, packages_end=None, cmake_args=None, cmake_target=None, cmake_target_skip_unavailable=False, cmake_clean_cache=False, cmake_clean_first=False, cmake_force_configure=False, ament_cmake_args=None, catkin_cmake_args=None, catkin_skip_building_tests=False, mixin_files=None, mixin=None, verb_parser=<colcon_mixin.mixin.mixin_argument.MixinArgumentDecorator object at 0x7f4a7569b8e0>, verb_extension=<colcon_core.verb.build.BuildVerb object at 0x7f4a758c4430>, main=<bound method BuildVerb.main of <colcon_core.verb.build.BuildVerb object at 0x7f4a758c4430>>, mixin_verb=('build',))
[0.135s] Level 1:colcon.colcon_core.package_discovery:discover_packages(colcon_meta) check parameters
[0.136s] INFO:colcon.colcon_metadata.package_discovery.colcon_meta:Using configuration from '/root/.colcon/metadata/default/Gazebo.meta'
[0.136s] INFO:colcon.colcon_metadata.package_discovery.colcon_meta:Using configuration from '/root/.colcon/metadata/default/fastdds.meta'
[0.136s] INFO:colcon.colcon_metadata.package_discovery.colcon_meta:Using configuration from '/root/.colcon/metadata/default/fastrtps.meta'
[0.136s] Level 1:colcon.colcon_core.package_discovery:discover_packages(recursive) check parameters
[0.136s] Level 1:colcon.colcon_core.package_discovery:discover_packages(ignore) check parameters
[0.136s] Level 1:colcon.colcon_core.package_discovery:discover_packages(path) check parameters
[0.136s] Level 1:colcon.colcon_core.package_discovery:discover_packages(colcon_meta) discover
[0.136s] Level 1:colcon.colcon_core.package_discovery:discover_packages(recursive) discover
[0.136s] INFO:colcon.colcon_core.package_discovery:Crawling recursively for packages in '/workspace'
[0.136s] Level 1:colcon.colcon_core.package_identification:_identify(.) by extensions ['ignore', 'ignore_ament_install']
[0.136s] Level 1:colcon.colcon_core.package_identification:_identify(.) by extension 'ignore'
[0.137s] Level 1:colcon.colcon_core.package_identification:_identify(.) by extension 'ignore_ament_install'
[0.137s] Level 1:colcon.colcon_core.package_identification:_identify(.) by extensions ['colcon_pkg']
[0.137s] Level 1:colcon.colcon_core.package_identification:_identify(.) by extension 'colcon_pkg'
[0.137s] Level 1:colcon.colcon_core.package_identification:_identify(.) by extensions ['colcon_meta']
[0.137s] Level 1:colcon.colcon_core.package_identification:_identify(.) by extension 'colcon_meta'
[0.137s] Level 1:colcon.colcon_core.package_identification:_identify(.) by extensions ['ros']
[0.137s] Level 1:colcon.colcon_core.package_identification:_identify(.) by extension 'ros'
[0.143s] Level 1:colcon.colcon_core.package_identification:_identify(.) by extensions ['cmake', 'python']
[0.143s] Level 1:colcon.colcon_core.package_identification:_identify(.) by extension 'cmake'
[0.143s] Level 1:colcon.colcon_core.package_identification:_identify(.) by extension 'python'
[0.143s] Level 1:colcon.colcon_core.package_identification:_identify(.) by extensions ['python_setup_py']
[0.143s] Level 1:colcon.colcon_core.package_identification:_identify(.) by extension 'python_setup_py'
[0.143s] Level 1:colcon.colcon_core.package_identification:_identify(build) by extensions ['ignore', 'ignore_ament_install']
[0.143s] Level 1:colcon.colcon_core.package_identification:_identify(build) by extension 'ignore'
[0.143s] Level 1:colcon.colcon_core.package_identification:_identify(build) ignored
[0.143s] Level 1:colcon.colcon_core.package_identification:_identify(install) by extensions ['ignore', 'ignore_ament_install']
[0.143s] Level 1:colcon.colcon_core.package_identification:_identify(install) by extension 'ignore'
[0.143s] Level 1:colcon.colcon_core.package_identification:_identify(install) ignored
[0.143s] Level 1:colcon.colcon_core.package_identification:_identify(log) by extensions ['ignore', 'ignore_ament_install']
[0.144s] Level 1:colcon.colcon_core.package_identification:_identify(log) by extension 'ignore'
[0.144s] Level 1:colcon.colcon_core.package_identification:_identify(log) ignored
[0.144s] Level 1:colcon.colcon_core.package_identification:_identify(src) by extensions ['ignore', 'ignore_ament_install']
[0.144s] Level 1:colcon.colcon_core.package_identification:_identify(src) by extension 'ignore'
[0.144s] Level 1:colcon.colcon_core.package_identification:_identify(src) by extension 'ignore_ament_install'
[0.144s] Level 1:colcon.colcon_core.package_identification:_identify(src) by extensions ['colcon_pkg']
[0.144s] Level 1:colcon.colcon_core.package_identification:_identify(src) by extension 'colcon_pkg'
[0.144s] Level 1:colcon.colcon_core.package_identification:_identify(src) by extensions ['colcon_meta']
[0.144s] Level 1:colcon.colcon_core.package_identification:_identify(src) by extension 'colcon_meta'
[0.144s] Level 1:colcon.colcon_core.package_identification:_identify(src) by extensions ['ros']
[0.144s] Level 1:colcon.colcon_core.package_identification:_identify(src) by extension 'ros'
[0.144s] Level 1:colcon.colcon_core.package_identification:_identify(src) by extensions ['cmake', 'python']
[0.144s] Level 1:colcon.colcon_core.package_identification:_identify(src) by extension 'cmake'
[0.144s] Level 1:colcon.colcon_core.package_identification:_identify(src) by extension 'python'
[0.144s] Level 1:colcon.colcon_core.package_identification:_identify(src) by extensions ['python_setup_py']
[0.144s] Level 1:colcon.colcon_core.package_identification:_identify(src) by extension 'python_setup_py'
[0.144s] Level 1:colcon.colcon_core.package_identification:_identify(src/transport_robots) by extensions ['ignore', 'ignore_ament_install']
[0.144s] Level 1:colcon.colcon_core.package_identification:_identify(src/transport_robots) by extension 'ignore'
[0.144s] Level 1:colcon.colcon_core.package_identification:_identify(src/transport_robots) by extension 'ignore_ament_install'
[0.144s] Level 1:colcon.colcon_core.package_identification:_identify(src/transport_robots) by extensions ['colcon_pkg']
[0.144s] Level 1:colcon.colcon_core.package_identification:_identify(src/transport_robots) by extension 'colcon_pkg'
[0.144s] Level 1:colcon.colcon_core.package_identification:_identify(src/transport_robots) by extensions ['colcon_meta']
[0.144s] Level 1:colcon.colcon_core.package_identification:_identify(src/transport_robots) by extension 'colcon_meta'
[0.144s] Level 1:colcon.colcon_core.package_identification:_identify(src/transport_robots) by extensions ['ros']
[0.144s] Level 1:colcon.colcon_core.package_identification:_identify(src/transport_robots) by extension 'ros'
[0.146s] DEBUG:colcon.colcon_core.package_identification:Package 'src/transport_robots' with type 'ros.ament_cmake' and name 'transport_robots'
[0.146s] Level 1:colcon.colcon_core.package_discovery:discover_packages(recursive) using defaults
[0.146s] Level 1:colcon.colcon_core.package_discovery:discover_packages(ignore) discover
[0.146s] Level 1:colcon.colcon_core.package_discovery:discover_packages(ignore) using defaults
[0.146s] Level 1:colcon.colcon_core.package_discovery:discover_packages(path) discover
[0.146s] Level 1:colcon.colcon_core.package_discovery:discover_packages(path) using defaults
[0.157s] Level 5:colcon.colcon_core.verb:set package 'transport_robots' build argument 'cmake_args' from command line to 'None'
[0.157s] Level 5:colcon.colcon_core.verb:set package 'transport_robots' build argument 'cmake_target' from command line to 'None'
[0.157s] Level 5:colcon.colcon_core.verb:set package 'transport_robots' build argument 'cmake_target_skip_unavailable' from command line to 'False'
[0.157s] Level 5:colcon.colcon_core.verb:set package 'transport_robots' build argument 'cmake_clean_cache' from command line to 'False'
[0.157s] Level 5:colcon.colcon_core.verb:set package 'transport_robots' build argument 'cmake_clean_first' from command line to 'False'
[0.157s] Level 5:colcon.colcon_core.verb:set package 'transport_robots' build argument 'cmake_force_configure' from command line to 'False'
[0.157s] Level 5:colcon.colcon_core.verb:set package 'transport_robots' build argument 'ament_cmake_args' from command line to 'None'
[0.157s] Level 5:colcon.colcon_core.verb:set package 'transport_robots' build argument 'catkin_cmake_args' from command line to 'None'
[0.157s] Level 5:colcon.colcon_core.verb:set package 'transport_robots' build argument 'catkin_skip_building_tests' from command line to 'False'
[0.157s] DEBUG:colcon.colcon_core.verb:Building package 'transport_robots' with the following arguments: {'ament_cmake_args': None, 'build_base': '/workspace/build/transport_robots', 'catkin_cmake_args': None, 'catkin_skip_building_tests': False, 'cmake_args': None, 'cmake_clean_cache': False, 'cmake_clean_first': False, 'cmake_force_configure': False, 'cmake_target': None, 'cmake_target_skip_unavailable': False, 'install_base': '/workspace/install/transport_robots', 'merge_install': False, 'path': '/workspace/src/transport_robots', 'symlink_install': False, 'test_result_base': None}
[0.157s] INFO:colcon.colcon_core.executor:Executing jobs using 'parallel' executor
[0.157s] DEBUG:colcon.colcon_parallel_executor.executor.parallel:run_until_complete
[0.158s] INFO:colcon.colcon_ros.task.ament_cmake.build:Building ROS package in '/workspace/src/transport_robots' with build type 'ament_cmake'
[0.158s] INFO:colcon.colcon_cmake.task.cmake.build:Building CMake package in '/workspace/src/transport_robots'
[0.159s] INFO:colcon.colcon_core.plugin_system:Skipping extension 'colcon_core.shell.bat': Not used on non-Windows systems
[0.159s] INFO:colcon.colcon_core.shell:Skip shell extension 'powershell' for command environment: Not usable outside of PowerShell
[0.159s] DEBUG:colcon.colcon_core.shell:Skip shell extension 'dsv' for command environment
[0.164s] DEBUG:colcon.colcon_core.event_handler.log_command:Invoking command in '/workspace/build/transport_robots': CMAKE_PREFIX_PATH=/opt/ros/humble /usr/bin/cmake --build /workspace/build/transport_robots -- -j20 -l20
[0.332s] DEBUG:colcon.colcon_core.event_handler.log_command:Invoked command in '/workspace/build/transport_robots' returned '0': CMAKE_PREFIX_PATH=/opt/ros/humble /usr/bin/cmake --build /workspace/build/transport_robots -- -j20 -l20
[0.337s] DEBUG:colcon.colcon_core.event_handler.log_command:Invoking command in '/workspace/build/transport_robots': CMAKE_PREFIX_PATH=/opt/ros/humble /usr/bin/cmake --install /workspace/build/transport_robots
[0.365s] Level 1:colcon.colcon_core.environment:create_environment_scripts_only(transport_robots)
[0.365s] DEBUG:colcon.colcon_core.event_handler.log_command:Invoked command in '/workspace/build/transport_robots' returned '0': CMAKE_PREFIX_PATH=/opt/ros/humble /usr/bin/cmake --install /workspace/build/transport_robots
[0.368s] Level 1:colcon.colcon_core.environment:checking '/workspace/install/transport_robots' for CMake module files
[0.368s] Level 1:colcon.colcon_core.environment:checking '/workspace/install/transport_robots' for CMake config files
[0.369s] Level 1:colcon.colcon_core.shell:create_environment_hook('transport_robots', 'cmake_prefix_path')
[0.369s] INFO:colcon.colcon_core.shell:Creating environment hook '/workspace/install/transport_robots/share/transport_robots/hook/cmake_prefix_path.ps1'
[0.370s] INFO:colcon.colcon_core.shell:Creating environment descriptor '/workspace/install/transport_robots/share/transport_robots/hook/cmake_prefix_path.dsv'
[0.370s] INFO:colcon.colcon_core.shell:Creating environment hook '/workspace/install/transport_robots/share/transport_robots/hook/cmake_prefix_path.sh'
[0.371s] Level 1:colcon.colcon_core.environment:checking '/workspace/install/transport_robots/lib'
[0.372s] Level 1:colcon.colcon_core.environment:checking '/workspace/install/transport_robots/bin'
[0.372s] Level 1:colcon.colcon_core.environment:checking '/workspace/install/transport_robots/lib/pkgconfig/transport_robots.pc'
[0.373s] Level 1:colcon.colcon_core.environment:checking '/workspace/install/transport_robots/lib/python3.10/site-packages'
[0.374s] Level 1:colcon.colcon_core.environment:checking '/workspace/install/transport_robots/bin'
[0.374s] INFO:colcon.colcon_core.shell:Creating package script '/workspace/install/transport_robots/share/transport_robots/package.ps1'
[0.375s] INFO:colcon.colcon_core.shell:Creating package descriptor '/workspace/install/transport_robots/share/transport_robots/package.dsv'
[0.375s] INFO:colcon.colcon_core.shell:Creating package script '/workspace/install/transport_robots/share/transport_robots/package.sh'
[0.376s] INFO:colcon.colcon_core.shell:Creating package script '/workspace/install/transport_robots/share/transport_robots/package.bash'
[0.377s] INFO:colcon.colcon_core.shell:Creating package script '/workspace/install/transport_robots/share/transport_robots/package.zsh'
[0.378s] Level 1:colcon.colcon_core.environment:create_file_with_runtime_dependencies(/workspace/install/transport_robots/share/colcon-core/packages/transport_robots)
[0.379s] Level 1:colcon.colcon_core.environment:create_environment_scripts_only(transport_robots)
[0.379s] Level 1:colcon.colcon_core.environment:checking '/workspace/install/transport_robots' for CMake module files
[0.380s] Level 1:colcon.colcon_core.environment:checking '/workspace/install/transport_robots' for CMake config files
[0.380s] Level 1:colcon.colcon_core.shell:create_environment_hook('transport_robots', 'cmake_prefix_path')
[0.381s] INFO:colcon.colcon_core.shell:Creating environment hook '/workspace/install/transport_robots/share/transport_robots/hook/cmake_prefix_path.ps1'
[0.381s] INFO:colcon.colcon_core.shell:Creating environment descriptor '/workspace/install/transport_robots/share/transport_robots/hook/cmake_prefix_path.dsv'
[0.382s] INFO:colcon.colcon_core.shell:Creating environment hook '/workspace/install/transport_robots/share/transport_robots/hook/cmake_prefix_path.sh'
[0.382s] Level 1:colcon.colcon_core.environment:checking '/workspace/install/transport_robots/lib'
[0.382s] Level 1:colcon.colcon_core.environment:checking '/workspace/install/transport_robots/bin'
[0.382s] Level 1:colcon.colcon_core.environment:checking '/workspace/install/transport_robots/lib/pkgconfig/transport_robots.pc'
[0.383s] Level 1:colcon.colcon_core.environment:checking '/workspace/install/transport_robots/lib/python3.10/site-packages'
[0.383s] Level 1:colcon.colcon_core.environment:checking '/workspace/install/transport_robots/bin'
[0.383s] INFO:colcon.colcon_core.shell:Creating package script '/workspace/install/transport_robots/share/transport_robots/package.ps1'
[0.384s] INFO:colcon.colcon_core.shell:Creating package descriptor '/workspace/install/transport_robots/share/transport_robots/package.dsv'
[0.384s] INFO:colcon.colcon_core.shell:Creating package script '/workspace/install/transport_robots/share/transport_robots/package.sh'
[0.385s] INFO:colcon.colcon_core.shell:Creating package script '/workspace/install/transport_robots/share/transport_robots/package.bash'
[0.385s] INFO:colcon.colcon_core.shell:Creating package script '/workspace/install/transport_robots/share/transport_robots/package.zsh'
[0.386s] Level 1:colcon.colcon_core.environment:create_file_with_runtime_dependencies(/workspace/install/transport_robots/share/colcon-core/packages/transport_robots)
[0.386s] DEBUG:colcon.colcon_parallel_executor.executor.parallel:closing loop
[0.386s] DEBUG:colcon.colcon_parallel_executor.executor.parallel:loop closed
[0.386s] DEBUG:colcon.colcon_parallel_executor.executor.parallel:run_until_complete finished with '0'
[0.386s] DEBUG:colcon.colcon_core.event_reactor:joining thread
[0.397s] INFO:colcon.colcon_core.plugin_system:Skipping extension 'colcon_notification.desktop_notification.notify_send': Could not find 'notify-send'
[0.397s] INFO:colcon.colcon_core.plugin_system:Skipping extension 'colcon_notification.desktop_notification.terminal_notifier': Not used on non-Darwin systems
[0.397s] INFO:colcon.colcon_core.plugin_system:Skipping extension 'colcon_notification.desktop_notification.win32': Not used on non-Windows systems
[0.397s] INFO:colcon.colcon_notification.desktop_notification:Sending desktop notification using 'notify2'
[0.398s] DEBUG:colcon.colcon_notification.desktop_notification.notify2:Failed to initialize notify2: org.freedesktop.DBus.Error.Spawn.ExecFailed: /usr/bin/dbus-launch terminated abnormally without any error message
[0.399s] DEBUG:colcon.colcon_core.event_reactor:joined thread
[0.399s] INFO:colcon.colcon_core.shell:Creating prefix script '/workspace/install/local_setup.ps1'
[0.400s] INFO:colcon.colcon_core.shell:Creating prefix util module '/workspace/install/_local_setup_util_ps1.py'
[0.400s] INFO:colcon.colcon_core.shell:Creating prefix chain script '/workspace/install/setup.ps1'
[0.401s] INFO:colcon.colcon_core.shell:Creating prefix script '/workspace/install/local_setup.sh'
[0.401s] INFO:colcon.colcon_core.shell:Creating prefix util module '/workspace/install/_local_setup_util_sh.py'
[0.402s] INFO:colcon.colcon_core.shell:Creating prefix chain script '/workspace/install/setup.sh'
[0.402s] INFO:colcon.colcon_core.shell:Creating prefix script '/workspace/install/local_setup.bash'
[0.402s] INFO:colcon.colcon_core.shell:Creating prefix chain script '/workspace/install/setup.bash'
[0.403s] INFO:colcon.colcon_core.shell:Creating prefix script '/workspace/install/local_setup.zsh'
[0.403s] INFO:colcon.colcon_core.shell:Creating prefix chain script '/workspace/install/setup.zsh'
