-- The C compiler identification is GNU 11.4.0
-- The CXX compiler identification is GNU 11.4.0
-- Detecting C compiler ABI info
-- Detecting C compiler ABI info - done
-- Check for working C compiler: /usr/bin/cc - skipped
-- Detecting C compile features
-- Detecting C compile features - done
-- Detecting CXX compiler ABI info
-- Detecting CXX compiler ABI info - done
-- Check for working CXX compiler: /usr/bin/c++ - skipped
-- Detecting CXX compile features
-- Detecting CXX compile features - done
-- Found ament_cmake: 1.3.12 (/opt/ros/humble/share/ament_cmake/cmake)
-- Found Python3: /usr/bin/python3 (found version "3.10.12") found components: Interpreter 
-- Found rclpy: 3.3.17 (/opt/ros/humble/share/rclpy/cmake)
-- Found geometry_msgs: 4.9.0 (/opt/ros/humble/share/geometry_msgs/cmake)
-- Found rosidl_generator_c: 3.1.7 (/opt/ros/humble/share/rosidl_generator_c/cmake)
-- Found rosidl_adapter: 3.1.7 (/opt/ros/humble/share/rosidl_adapter/cmake)
-- Found rosidl_generator_cpp: 3.1.7 (/opt/ros/humble/share/rosidl_generator_cpp/cmake)
-- Using all available rosidl_typesupport_c: rosidl_typesupport_fastrtps_c;rosidl_typesupport_introspection_c
-- Using all available rosidl_typesupport_cpp: rosidl_typesupport_fastrtps_cpp;rosidl_typesupport_introspection_cpp
-- Found sensor_msgs: 4.9.0 (/opt/ros/humble/share/sensor_msgs/cmake)
-- Found nav_msgs: 4.9.0 (/opt/ros/humble/share/nav_msgs/cmake)
-- Found tf2: 0.25.15 (/opt/ros/humble/share/tf2/cmake)
-- Found tf2_ros: 0.25.15 (/opt/ros/humble/share/tf2_ros/cmake)
-- Found rmw_implementation_cmake: 6.1.2 (/opt/ros/humble/share/rmw_implementation_cmake/cmake)
-- Found rmw_fastrtps_cpp: 6.2.8 (/opt/ros/humble/share/rmw_fastrtps_cpp/cmake)
-- Found OpenSSL: /usr/lib/x86_64-linux-gnu/libcrypto.so (found version "3.0.2")  
-- Found FastRTPS: /opt/ros/humble/include  
-- Using RMW implementation 'rmw_fastrtps_cpp' as default
-- Looking for pthread.h
-- Looking for pthread.h - found
-- Performing Test CMAKE_HAVE_LIBC_PTHREAD
-- Performing Test CMAKE_HAVE_LIBC_PTHREAD - Success
-- Found Threads: TRUE  
-- Found ament_lint_auto: 0.12.14 (/opt/ros/humble/share/ament_lint_auto/cmake)
-- Added test 'copyright' to check source files copyright and LICENSE
-- Added test 'flake8' to check Python code syntax and style conventions
-- Added test 'lint_cmake' to check CMake code style
-- Added test 'pep257' to check Python code against some of the docstring style conventions in PEP 257
-- Added test 'xmllint' to check XML markup files
-- Configuring done
-- Generating done
-- Build files have been written to: /workspace/build/transport_robots
Built target ament_cmake_python_copy_transport_robots
running egg_info
creating transport_robots.egg-info
writing transport_robots.egg-info/PKG-INFO
writing dependency_links to transport_robots.egg-info/dependency_links.txt
writing top-level names to transport_robots.egg-info/top_level.txt
writing manifest file 'transport_robots.egg-info/SOURCES.txt'
reading manifest file 'transport_robots.egg-info/SOURCES.txt'
writing manifest file 'transport_robots.egg-info/SOURCES.txt'
Built target ament_cmake_python_build_transport_robots_egg
-- Install configuration: ""
-- Installing: /workspace/install/transport_robots/share/transport_robots/environment/pythonpath.sh
-- Installing: /workspace/install/transport_robots/share/transport_robots/environment/pythonpath.dsv
-- Installing: /workspace/install/transport_robots/local/lib/python3.10/dist-packages/transport_robots-0.0.0-py3.10.egg-info
-- Installing: /workspace/install/transport_robots/local/lib/python3.10/dist-packages/transport_robots-0.0.0-py3.10.egg-info/PKG-INFO
-- Installing: /workspace/install/transport_robots/local/lib/python3.10/dist-packages/transport_robots-0.0.0-py3.10.egg-info/SOURCES.txt
-- Installing: /workspace/install/transport_robots/local/lib/python3.10/dist-packages/transport_robots-0.0.0-py3.10.egg-info/dependency_links.txt
-- Installing: /workspace/install/transport_robots/local/lib/python3.10/dist-packages/transport_robots-0.0.0-py3.10.egg-info/top_level.txt
-- Installing: /workspace/install/transport_robots/local/lib/python3.10/dist-packages/transport_robots
-- Installing: /workspace/install/transport_robots/local/lib/python3.10/dist-packages/transport_robots/__init__.py
Listing '/workspace/install/transport_robots/local/lib/python3.10/dist-packages/transport_robots'...
Compiling '/workspace/install/transport_robots/local/lib/python3.10/dist-packages/transport_robots/__init__.py'...
-- Installing: /workspace/install/transport_robots/lib/transport_robots/robot_controller.py
-- Installing: /workspace/install/transport_robots/lib/transport_robots/warehouse_manager.py
-- Installing: /workspace/install/transport_robots/lib/transport_robots/product_manager.py
-- Installing: /workspace/install/transport_robots/share/transport_robots/launch/
-- Installing: /workspace/install/transport_robots/share/transport_robots/launch//warehouse_simulation.launch.py
-- Installing: /workspace/install/transport_robots/share/transport_robots/urdf/
-- Installing: /workspace/install/transport_robots/share/transport_robots/urdf//transport_robot.urdf.xacro
-- Installing: /workspace/install/transport_robots/share/transport_robots/worlds/
-- Installing: /workspace/install/transport_robots/share/transport_robots/worlds//warehouse.world
[31mCMake Error at cmake_install.cmake:90 (file):
  file INSTALL cannot find "/workspace/src/transport_robots/config": No such
  file or directory.

[0m
