[0.011s] Invoking command in '/workspace/build/transport_robots': CMAKE_PREFIX_PATH=/opt/ros/humble /usr/bin/cmake /workspace/src/transport_robots -DCMAKE_INSTALL_PREFIX=/workspace/install/transport_robots
[0.051s] -- The C compiler identification is GNU 11.4.0
[0.082s] -- The CXX compiler identification is GNU 11.4.0
[0.086s] -- Detecting C compiler ABI info
[0.126s] -- Detecting C compiler ABI info - done
[0.130s] -- Check for working C compiler: /usr/bin/cc - skipped
[0.130s] -- Detecting C compile features
[0.130s] -- Detecting C compile features - done
[0.132s] -- Detecting CXX compiler ABI info
[0.175s] -- Detecting CXX compiler ABI info - done
[0.179s] -- Check for working CXX compiler: /usr/bin/c++ - skipped
[0.179s] -- Detecting CXX compile features
[0.179s] -- Detecting CXX compile features - done
[0.181s] -- Found ament_cmake: 1.3.12 (/opt/ros/humble/share/ament_cmake/cmake)
[0.266s] -- Found Python3: /usr/bin/python3 (found version "3.10.12") found components: Interpreter 
[0.323s] -- Found rclpy: 3.3.17 (/opt/ros/humble/share/rclpy/cmake)
[0.324s] -- Found geometry_msgs: 4.9.0 (/opt/ros/humble/share/geometry_msgs/cmake)
[0.349s] -- Found rosidl_generator_c: 3.1.7 (/opt/ros/humble/share/rosidl_generator_c/cmake)
[0.353s] -- Found rosidl_adapter: 3.1.7 (/opt/ros/humble/share/rosidl_adapter/cmake)
[0.360s] -- Found rosidl_generator_cpp: 3.1.7 (/opt/ros/humble/share/rosidl_generator_cpp/cmake)
[0.368s] -- Using all available rosidl_typesupport_c: rosidl_typesupport_fastrtps_c;rosidl_typesupport_introspection_c
[0.379s] -- Using all available rosidl_typesupport_cpp: rosidl_typesupport_fastrtps_cpp;rosidl_typesupport_introspection_cpp
[0.407s] -- Found sensor_msgs: 4.9.0 (/opt/ros/humble/share/sensor_msgs/cmake)
[0.420s] -- Found nav_msgs: 4.9.0 (/opt/ros/humble/share/nav_msgs/cmake)
[0.433s] -- Found tf2: 0.25.15 (/opt/ros/humble/share/tf2/cmake)
[0.442s] -- Found tf2_ros: 0.25.15 (/opt/ros/humble/share/tf2_ros/cmake)
[0.488s] -- Found rmw_implementation_cmake: 6.1.2 (/opt/ros/humble/share/rmw_implementation_cmake/cmake)
[0.490s] -- Found rmw_fastrtps_cpp: 6.2.8 (/opt/ros/humble/share/rmw_fastrtps_cpp/cmake)
[0.547s] -- Found OpenSSL: /usr/lib/x86_64-linux-gnu/libcrypto.so (found version "3.0.2")  
[0.566s] -- Found FastRTPS: /opt/ros/humble/include  
[0.598s] -- Using RMW implementation 'rmw_fastrtps_cpp' as default
[0.604s] -- Looking for pthread.h
[0.649s] -- Looking for pthread.h - found
[0.649s] -- Performing Test CMAKE_HAVE_LIBC_PTHREAD
[0.688s] -- Performing Test CMAKE_HAVE_LIBC_PTHREAD - Success
[0.689s] -- Found Threads: TRUE  
[0.846s] -- Found ament_lint_auto: 0.12.14 (/opt/ros/humble/share/ament_lint_auto/cmake)
[0.913s] -- Added test 'copyright' to check source files copyright and LICENSE
[0.916s] -- Added test 'flake8' to check Python code syntax and style conventions
[0.916s] -- Added test 'lint_cmake' to check CMake code style
[0.917s] -- Added test 'pep257' to check Python code against some of the docstring style conventions in PEP 257
[0.918s] -- Added test 'xmllint' to check XML markup files
[0.919s] -- Configuring done
[0.922s] -- Generating done
[0.924s] -- Build files have been written to: /workspace/build/transport_robots
[0.931s] Invoked command in '/workspace/build/transport_robots' returned '0': CMAKE_PREFIX_PATH=/opt/ros/humble /usr/bin/cmake /workspace/src/transport_robots -DCMAKE_INSTALL_PREFIX=/workspace/install/transport_robots
[0.931s] Invoking command in '/workspace/build/transport_robots': CMAKE_PREFIX_PATH=/opt/ros/humble /usr/bin/cmake --build /workspace/build/transport_robots -- -j20 -l20
[0.960s] Built target ament_cmake_python_copy_transport_robots
[1.081s] running egg_info
[1.082s] creating transport_robots.egg-info
[1.082s] writing transport_robots.egg-info/PKG-INFO
[1.082s] writing dependency_links to transport_robots.egg-info/dependency_links.txt
[1.082s] writing top-level names to transport_robots.egg-info/top_level.txt
[1.082s] writing manifest file 'transport_robots.egg-info/SOURCES.txt'
[1.083s] reading manifest file 'transport_robots.egg-info/SOURCES.txt'
[1.083s] writing manifest file 'transport_robots.egg-info/SOURCES.txt'
[1.099s] Built target ament_cmake_python_build_transport_robots_egg
[1.105s] Invoked command in '/workspace/build/transport_robots' returned '0': CMAKE_PREFIX_PATH=/opt/ros/humble /usr/bin/cmake --build /workspace/build/transport_robots -- -j20 -l20
[1.110s] Invoking command in '/workspace/build/transport_robots': CMAKE_PREFIX_PATH=/opt/ros/humble /usr/bin/cmake --install /workspace/build/transport_robots
[1.114s] -- Install configuration: ""
[1.114s] -- Installing: /workspace/install/transport_robots/share/transport_robots/environment/pythonpath.sh
[1.114s] -- Installing: /workspace/install/transport_robots/share/transport_robots/environment/pythonpath.dsv
[1.114s] -- Installing: /workspace/install/transport_robots/local/lib/python3.10/dist-packages/transport_robots-0.0.0-py3.10.egg-info
[1.114s] -- Installing: /workspace/install/transport_robots/local/lib/python3.10/dist-packages/transport_robots-0.0.0-py3.10.egg-info/PKG-INFO
[1.114s] -- Installing: /workspace/install/transport_robots/local/lib/python3.10/dist-packages/transport_robots-0.0.0-py3.10.egg-info/SOURCES.txt
[1.114s] -- Installing: /workspace/install/transport_robots/local/lib/python3.10/dist-packages/transport_robots-0.0.0-py3.10.egg-info/dependency_links.txt
[1.114s] -- Installing: /workspace/install/transport_robots/local/lib/python3.10/dist-packages/transport_robots-0.0.0-py3.10.egg-info/top_level.txt
[1.114s] -- Installing: /workspace/install/transport_robots/local/lib/python3.10/dist-packages/transport_robots
[1.114s] -- Installing: /workspace/install/transport_robots/local/lib/python3.10/dist-packages/transport_robots/__init__.py
[1.133s] Listing '/workspace/install/transport_robots/local/lib/python3.10/dist-packages/transport_robots'...
[1.133s] Compiling '/workspace/install/transport_robots/local/lib/python3.10/dist-packages/transport_robots/__init__.py'...
[1.135s] -- Installing: /workspace/install/transport_robots/lib/transport_robots/robot_controller.py
[1.136s] -- Installing: /workspace/install/transport_robots/lib/transport_robots/warehouse_manager.py
[1.136s] -- Installing: /workspace/install/transport_robots/lib/transport_robots/product_manager.py
[1.136s] -- Installing: /workspace/install/transport_robots/share/transport_robots/launch/
[1.136s] -- Installing: /workspace/install/transport_robots/share/transport_robots/launch//warehouse_simulation.launch.py
[1.136s] -- Installing: /workspace/install/transport_robots/share/transport_robots/urdf/
[1.136s] -- Installing: /workspace/install/transport_robots/share/transport_robots/urdf//transport_robot.urdf.xacro
[1.136s] -- Installing: /workspace/install/transport_robots/share/transport_robots/worlds/
[1.136s] -- Installing: /workspace/install/transport_robots/share/transport_robots/worlds//warehouse.world
[1.136s] [31mCMake Error at cmake_install.cmake:90 (file):
[1.136s]   file INSTALL cannot find "/workspace/src/transport_robots/config": No such
[1.136s]   file or directory.
[1.136s] 
[1.136s] [0m
[1.137s] Invoked command in '/workspace/build/transport_robots' returned '1': CMAKE_PREFIX_PATH=/opt/ros/humble /usr/bin/cmake --install /workspace/build/transport_robots
