[0.006s] Invoking command in '/workspace/build/transport_robots': CMAKE_PREFIX_PATH=/opt/ros/humble /usr/bin/cmake --build /workspace/build/transport_robots -- -j20 -l20
[0.037s] Built target ament_cmake_python_copy_transport_robots
[0.150s] running egg_info
[0.151s] writing transport_robots.egg-info/PKG-INFO
[0.151s] writing dependency_links to transport_robots.egg-info/dependency_links.txt
[0.151s] writing top-level names to transport_robots.egg-info/top_level.txt
[0.152s] reading manifest file 'transport_robots.egg-info/SOURCES.txt'
[0.152s] writing manifest file 'transport_robots.egg-info/SOURCES.txt'
[0.167s] Built target ament_cmake_python_build_transport_robots_egg
[0.174s] Invoked command in '/workspace/build/transport_robots' returned '0': CMAKE_PREFIX_PATH=/opt/ros/humble /usr/bin/cmake --build /workspace/build/transport_robots -- -j20 -l20
[0.179s] Invoking command in '/workspace/build/transport_robots': CMAKE_PREFIX_PATH=/opt/ros/humble /usr/bin/cmake --install /workspace/build/transport_robots
[0.183s] -- Install configuration: ""
[0.183s] -- Up-to-date: /workspace/install/transport_robots/share/transport_robots/environment/pythonpath.sh
[0.183s] -- Up-to-date: /workspace/install/transport_robots/share/transport_robots/environment/pythonpath.dsv
[0.183s] -- Up-to-date: /workspace/install/transport_robots/local/lib/python3.10/dist-packages/transport_robots-0.0.0-py3.10.egg-info
[0.183s] -- Installing: /workspace/install/transport_robots/local/lib/python3.10/dist-packages/transport_robots-0.0.0-py3.10.egg-info/PKG-INFO
[0.183s] -- Installing: /workspace/install/transport_robots/local/lib/python3.10/dist-packages/transport_robots-0.0.0-py3.10.egg-info/SOURCES.txt
[0.183s] -- Installing: /workspace/install/transport_robots/local/lib/python3.10/dist-packages/transport_robots-0.0.0-py3.10.egg-info/dependency_links.txt
[0.183s] -- Installing: /workspace/install/transport_robots/local/lib/python3.10/dist-packages/transport_robots-0.0.0-py3.10.egg-info/top_level.txt
[0.183s] -- Up-to-date: /workspace/install/transport_robots/local/lib/python3.10/dist-packages/transport_robots
[0.183s] -- Up-to-date: /workspace/install/transport_robots/local/lib/python3.10/dist-packages/transport_robots/__init__.py
[0.200s] Listing '/workspace/install/transport_robots/local/lib/python3.10/dist-packages/transport_robots'...
[0.203s] -- Up-to-date: /workspace/install/transport_robots/lib/transport_robots/robot_controller.py
[0.203s] -- Up-to-date: /workspace/install/transport_robots/lib/transport_robots/warehouse_manager.py
[0.203s] -- Up-to-date: /workspace/install/transport_robots/lib/transport_robots/product_manager.py
[0.203s] -- Up-to-date: /workspace/install/transport_robots/share/transport_robots/launch/
[0.203s] -- Installing: /workspace/install/transport_robots/share/transport_robots/launch//warehouse_demo.launch.py
[0.203s] -- Installing: /workspace/install/transport_robots/share/transport_robots/launch//simple_demo.launch.py
[0.204s] -- Up-to-date: /workspace/install/transport_robots/share/transport_robots/launch//warehouse_simulation.launch.py
[0.204s] -- Up-to-date: /workspace/install/transport_robots/share/transport_robots/urdf/
[0.204s] -- Up-to-date: /workspace/install/transport_robots/share/transport_robots/urdf//transport_robot.urdf.xacro
[0.204s] -- Up-to-date: /workspace/install/transport_robots/share/transport_robots/worlds/
[0.204s] -- Up-to-date: /workspace/install/transport_robots/share/transport_robots/worlds//warehouse.world
[0.204s] -- Up-to-date: /workspace/install/transport_robots/share/transport_robots/worlds//simple_warehouse.world
[0.204s] -- Up-to-date: /workspace/install/transport_robots/share/transport_robots/worlds//warehouse_with_obstacles.world
[0.204s] -- Up-to-date: /workspace/install/transport_robots/share/ament_index/resource_index/package_run_dependencies/transport_robots
[0.204s] -- Up-to-date: /workspace/install/transport_robots/share/ament_index/resource_index/parent_prefix_path/transport_robots
[0.204s] -- Up-to-date: /workspace/install/transport_robots/share/transport_robots/environment/ament_prefix_path.sh
[0.204s] -- Up-to-date: /workspace/install/transport_robots/share/transport_robots/environment/ament_prefix_path.dsv
[0.204s] -- Up-to-date: /workspace/install/transport_robots/share/transport_robots/environment/path.sh
[0.204s] -- Up-to-date: /workspace/install/transport_robots/share/transport_robots/environment/path.dsv
[0.204s] -- Up-to-date: /workspace/install/transport_robots/share/transport_robots/local_setup.bash
[0.204s] -- Up-to-date: /workspace/install/transport_robots/share/transport_robots/local_setup.sh
[0.204s] -- Up-to-date: /workspace/install/transport_robots/share/transport_robots/local_setup.zsh
[0.204s] -- Up-to-date: /workspace/install/transport_robots/share/transport_robots/local_setup.dsv
[0.204s] -- Installing: /workspace/install/transport_robots/share/transport_robots/package.dsv
[0.204s] -- Up-to-date: /workspace/install/transport_robots/share/ament_index/resource_index/packages/transport_robots
[0.204s] -- Up-to-date: /workspace/install/transport_robots/share/transport_robots/cmake/transport_robotsConfig.cmake
[0.205s] -- Up-to-date: /workspace/install/transport_robots/share/transport_robots/cmake/transport_robotsConfig-version.cmake
[0.205s] -- Up-to-date: /workspace/install/transport_robots/share/transport_robots/package.xml
[0.205s] Invoked command in '/workspace/build/transport_robots' returned '0': CMAKE_PREFIX_PATH=/opt/ros/humble /usr/bin/cmake --install /workspace/build/transport_robots
