[0.000000] (-) TimerEvent: {}
[0.000108] (transport_robots) JobQueued: {'identifier': 'transport_robots', 'dependencies': OrderedDict()}
[0.000139] (transport_robots) JobStarted: {'identifier': 'transport_robots'}
[0.006317] (transport_robots) JobProgress: {'identifier': 'transport_robots', 'progress': 'cmake'}
[0.007153] (transport_robots) JobProgress: {'identifier': 'transport_robots', 'progress': 'build'}
[0.007170] (transport_robots) Command: {'cmd': ['/usr/bin/cmake', '--build', '/workspace/build/transport_robots', '--', '-j20', '-l20'], 'cwd': '/workspace/build/transport_robots', 'env': OrderedDict([('HOSTNAME', 'tatsu-g15-ubuntu'), ('SHLVL', '1'), ('LD_LIBRARY_PATH', '/usr/lib/x86_64-linux-gnu/gazebo-11/plugins:/opt/ros/humble/opt/rviz_ogre_vendor/lib:/opt/ros/humble/lib/x86_64-linux-gnu:/opt/ros/humble/lib'), ('HOME', '/root'), ('OLDPWD', '/workspace'), ('ROS_PYTHON_VERSION', '3'), ('ROS_DISTRO', 'humble'), ('_', '/usr/bin/colcon'), ('ROS_VERSION', '2'), ('TERM', 'xterm'), ('ROS_LOCALHOST_ONLY', '0'), ('QT_X11_NO_MITSHM', '1'), ('PATH', '/opt/ros/humble/bin:/usr/local/sbin:/usr/local/bin:/usr/sbin:/usr/bin:/sbin:/bin'), ('DISPLAY', ':1'), ('LANG', 'C.UTF-8'), ('RMW_IMPLEMENTATION', 'rmw_fastrtps_cpp'), ('ROS_DOMAIN_ID', '0'), ('AMENT_PREFIX_PATH', '/opt/ros/humble'), ('PWD', '/workspace/build/transport_robots'), ('LC_ALL', 'C.UTF-8'), ('PYTHONPATH', '/opt/ros/humble/lib/python3.10/site-packages:/opt/ros/humble/local/lib/python3.10/dist-packages'), ('COLCON', '1'), ('CMAKE_PREFIX_PATH', '/opt/ros/humble')]), 'shell': False}
[0.048213] (transport_robots) StdoutLine: {'line': b'Built target ament_cmake_python_copy_transport_robots\n'}
[0.099608] (-) TimerEvent: {}
[0.158388] (transport_robots) StdoutLine: {'line': b'running egg_info\n'}
[0.158764] (transport_robots) StdoutLine: {'line': b'writing transport_robots.egg-info/PKG-INFO\n'}
[0.158846] (transport_robots) StdoutLine: {'line': b'writing dependency_links to transport_robots.egg-info/dependency_links.txt\n'}
[0.159003] (transport_robots) StdoutLine: {'line': b'writing top-level names to transport_robots.egg-info/top_level.txt\n'}
[0.159990] (transport_robots) StdoutLine: {'line': b"reading manifest file 'transport_robots.egg-info/SOURCES.txt'\n"}
[0.160231] (transport_robots) StdoutLine: {'line': b"writing manifest file 'transport_robots.egg-info/SOURCES.txt'\n"}
[0.175728] (transport_robots) StdoutLine: {'line': b'Built target ament_cmake_python_build_transport_robots_egg\n'}
[0.182459] (transport_robots) CommandEnded: {'returncode': 0}
[0.182940] (transport_robots) JobProgress: {'identifier': 'transport_robots', 'progress': 'install'}
[0.188368] (transport_robots) Command: {'cmd': ['/usr/bin/cmake', '--install', '/workspace/build/transport_robots'], 'cwd': '/workspace/build/transport_robots', 'env': OrderedDict([('HOSTNAME', 'tatsu-g15-ubuntu'), ('SHLVL', '1'), ('LD_LIBRARY_PATH', '/usr/lib/x86_64-linux-gnu/gazebo-11/plugins:/opt/ros/humble/opt/rviz_ogre_vendor/lib:/opt/ros/humble/lib/x86_64-linux-gnu:/opt/ros/humble/lib'), ('HOME', '/root'), ('OLDPWD', '/workspace'), ('ROS_PYTHON_VERSION', '3'), ('ROS_DISTRO', 'humble'), ('_', '/usr/bin/colcon'), ('ROS_VERSION', '2'), ('TERM', 'xterm'), ('ROS_LOCALHOST_ONLY', '0'), ('QT_X11_NO_MITSHM', '1'), ('PATH', '/opt/ros/humble/bin:/usr/local/sbin:/usr/local/bin:/usr/sbin:/usr/bin:/sbin:/bin'), ('DISPLAY', ':1'), ('LANG', 'C.UTF-8'), ('RMW_IMPLEMENTATION', 'rmw_fastrtps_cpp'), ('ROS_DOMAIN_ID', '0'), ('AMENT_PREFIX_PATH', '/opt/ros/humble'), ('PWD', '/workspace/build/transport_robots'), ('LC_ALL', 'C.UTF-8'), ('PYTHONPATH', '/opt/ros/humble/lib/python3.10/site-packages:/opt/ros/humble/local/lib/python3.10/dist-packages'), ('COLCON', '1'), ('CMAKE_PREFIX_PATH', '/opt/ros/humble')]), 'shell': False}
[0.192612] (transport_robots) StdoutLine: {'line': b'-- Install configuration: ""\n'}
[0.192792] (transport_robots) StdoutLine: {'line': b'-- Up-to-date: /workspace/install/transport_robots/share/transport_robots/environment/pythonpath.sh\n'}
[0.192894] (transport_robots) StdoutLine: {'line': b'-- Up-to-date: /workspace/install/transport_robots/share/transport_robots/environment/pythonpath.dsv\n'}
[0.192969] (transport_robots) StdoutLine: {'line': b'-- Up-to-date: /workspace/install/transport_robots/local/lib/python3.10/dist-packages/transport_robots-0.0.0-py3.10.egg-info\n'}
[0.193029] (transport_robots) StdoutLine: {'line': b'-- Installing: /workspace/install/transport_robots/local/lib/python3.10/dist-packages/transport_robots-0.0.0-py3.10.egg-info/PKG-INFO\n'}
[0.193089] (transport_robots) StdoutLine: {'line': b'-- Installing: /workspace/install/transport_robots/local/lib/python3.10/dist-packages/transport_robots-0.0.0-py3.10.egg-info/SOURCES.txt\n'}
[0.193148] (transport_robots) StdoutLine: {'line': b'-- Installing: /workspace/install/transport_robots/local/lib/python3.10/dist-packages/transport_robots-0.0.0-py3.10.egg-info/dependency_links.txt\n'}
[0.193206] (transport_robots) StdoutLine: {'line': b'-- Installing: /workspace/install/transport_robots/local/lib/python3.10/dist-packages/transport_robots-0.0.0-py3.10.egg-info/top_level.txt\n'}
[0.193271] (transport_robots) StdoutLine: {'line': b'-- Up-to-date: /workspace/install/transport_robots/local/lib/python3.10/dist-packages/transport_robots\n'}
[0.193336] (transport_robots) StdoutLine: {'line': b'-- Up-to-date: /workspace/install/transport_robots/local/lib/python3.10/dist-packages/transport_robots/__init__.py\n'}
[0.199710] (-) TimerEvent: {}
[0.212429] (transport_robots) StdoutLine: {'line': b"Listing '/workspace/install/transport_robots/local/lib/python3.10/dist-packages/transport_robots'...\n"}
[0.215513] (transport_robots) StdoutLine: {'line': b'-- Up-to-date: /workspace/install/transport_robots/lib/transport_robots/robot_controller.py\n'}
[0.215785] (transport_robots) StdoutLine: {'line': b'-- Up-to-date: /workspace/install/transport_robots/lib/transport_robots/warehouse_manager.py\n'}
[0.215864] (transport_robots) StdoutLine: {'line': b'-- Up-to-date: /workspace/install/transport_robots/lib/transport_robots/product_manager.py\n'}
[0.215931] (transport_robots) StdoutLine: {'line': b'-- Up-to-date: /workspace/install/transport_robots/share/transport_robots/launch/\n'}
[0.215995] (transport_robots) StdoutLine: {'line': b'-- Installing: /workspace/install/transport_robots/share/transport_robots/launch//warehouse_simulation.launch.py\n'}
[0.216057] (transport_robots) StdoutLine: {'line': b'-- Up-to-date: /workspace/install/transport_robots/share/transport_robots/urdf/\n'}
[0.216119] (transport_robots) StdoutLine: {'line': b'-- Up-to-date: /workspace/install/transport_robots/share/transport_robots/urdf//transport_robot.urdf.xacro\n'}
[0.216181] (transport_robots) StdoutLine: {'line': b'-- Up-to-date: /workspace/install/transport_robots/share/transport_robots/worlds/\n'}
[0.216242] (transport_robots) StdoutLine: {'line': b'-- Up-to-date: /workspace/install/transport_robots/share/transport_robots/worlds//warehouse.world\n'}
[0.216303] (transport_robots) StdoutLine: {'line': b'-- Up-to-date: /workspace/install/transport_robots/share/ament_index/resource_index/package_run_dependencies/transport_robots\n'}
[0.216364] (transport_robots) StdoutLine: {'line': b'-- Up-to-date: /workspace/install/transport_robots/share/ament_index/resource_index/parent_prefix_path/transport_robots\n'}
[0.216425] (transport_robots) StdoutLine: {'line': b'-- Up-to-date: /workspace/install/transport_robots/share/transport_robots/environment/ament_prefix_path.sh\n'}
[0.216779] (transport_robots) StdoutLine: {'line': b'-- Up-to-date: /workspace/install/transport_robots/share/transport_robots/environment/ament_prefix_path.dsv\n'}
[0.217113] (transport_robots) StdoutLine: {'line': b'-- Up-to-date: /workspace/install/transport_robots/share/transport_robots/environment/path.sh\n'}
[0.217603] (transport_robots) StdoutLine: {'line': b'-- Up-to-date: /workspace/install/transport_robots/share/transport_robots/environment/path.dsv\n'}
[0.217753] (transport_robots) StdoutLine: {'line': b'-- Up-to-date: /workspace/install/transport_robots/share/transport_robots/local_setup.bash\n'}
[0.217902] (transport_robots) StdoutLine: {'line': b'-- Up-to-date: /workspace/install/transport_robots/share/transport_robots/local_setup.sh\n'}
[0.218083] (transport_robots) StdoutLine: {'line': b'-- Up-to-date: /workspace/install/transport_robots/share/transport_robots/local_setup.zsh\n'}
[0.218214] (transport_robots) StdoutLine: {'line': b'-- Up-to-date: /workspace/install/transport_robots/share/transport_robots/local_setup.dsv\n'}
[0.218361] (transport_robots) StdoutLine: {'line': b'-- Up-to-date: /workspace/install/transport_robots/share/transport_robots/package.dsv\n'}
[0.218487] (transport_robots) StdoutLine: {'line': b'-- Up-to-date: /workspace/install/transport_robots/share/ament_index/resource_index/packages/transport_robots\n'}
[0.218727] (transport_robots) StdoutLine: {'line': b'-- Up-to-date: /workspace/install/transport_robots/share/transport_robots/cmake/transport_robotsConfig.cmake\n'}
[0.219095] (transport_robots) StdoutLine: {'line': b'-- Up-to-date: /workspace/install/transport_robots/share/transport_robots/cmake/transport_robotsConfig-version.cmake\n'}
[0.219300] (transport_robots) StdoutLine: {'line': b'-- Up-to-date: /workspace/install/transport_robots/share/transport_robots/package.xml\n'}
[0.219552] (transport_robots) CommandEnded: {'returncode': 0}
[0.236591] (transport_robots) JobEnded: {'identifier': 'transport_robots', 'rc': 0}
[0.237164] (-) EventReactorShutdown: {}
