Built target ament_cmake_python_copy_transport_robots
running egg_info
writing transport_robots.egg-info/PKG-INFO
writing dependency_links to transport_robots.egg-info/dependency_links.txt
writing top-level names to transport_robots.egg-info/top_level.txt
reading manifest file 'transport_robots.egg-info/SOURCES.txt'
writing manifest file 'transport_robots.egg-info/SOURCES.txt'
Built target ament_cmake_python_build_transport_robots_egg
-- Install configuration: ""
-- Up-to-date: /workspace/install/transport_robots/share/transport_robots/environment/pythonpath.sh
-- Up-to-date: /workspace/install/transport_robots/share/transport_robots/environment/pythonpath.dsv
-- Up-to-date: /workspace/install/transport_robots/local/lib/python3.10/dist-packages/transport_robots-0.0.0-py3.10.egg-info
-- Installing: /workspace/install/transport_robots/local/lib/python3.10/dist-packages/transport_robots-0.0.0-py3.10.egg-info/PKG-INFO
-- Installing: /workspace/install/transport_robots/local/lib/python3.10/dist-packages/transport_robots-0.0.0-py3.10.egg-info/SOURCES.txt
-- Installing: /workspace/install/transport_robots/local/lib/python3.10/dist-packages/transport_robots-0.0.0-py3.10.egg-info/dependency_links.txt
-- Installing: /workspace/install/transport_robots/local/lib/python3.10/dist-packages/transport_robots-0.0.0-py3.10.egg-info/top_level.txt
-- Up-to-date: /workspace/install/transport_robots/local/lib/python3.10/dist-packages/transport_robots
-- Up-to-date: /workspace/install/transport_robots/local/lib/python3.10/dist-packages/transport_robots/__init__.py
Listing '/workspace/install/transport_robots/local/lib/python3.10/dist-packages/transport_robots'...
-- Up-to-date: /workspace/install/transport_robots/lib/transport_robots/robot_controller.py
-- Up-to-date: /workspace/install/transport_robots/lib/transport_robots/warehouse_manager.py
-- Up-to-date: /workspace/install/transport_robots/lib/transport_robots/product_manager.py
-- Up-to-date: /workspace/install/transport_robots/share/transport_robots/launch/
-- Up-to-date: /workspace/install/transport_robots/share/transport_robots/launch//warehouse_simulation.launch.py
-- Up-to-date: /workspace/install/transport_robots/share/transport_robots/urdf/
-- Up-to-date: /workspace/install/transport_robots/share/transport_robots/urdf//transport_robot.urdf.xacro
-- Up-to-date: /workspace/install/transport_robots/share/transport_robots/worlds/
-- Up-to-date: /workspace/install/transport_robots/share/transport_robots/worlds//warehouse.world
-- Up-to-date: /workspace/install/transport_robots/share/ament_index/resource_index/package_run_dependencies/transport_robots
-- Up-to-date: /workspace/install/transport_robots/share/ament_index/resource_index/parent_prefix_path/transport_robots
-- Up-to-date: /workspace/install/transport_robots/share/transport_robots/environment/ament_prefix_path.sh
-- Up-to-date: /workspace/install/transport_robots/share/transport_robots/environment/ament_prefix_path.dsv
-- Up-to-date: /workspace/install/transport_robots/share/transport_robots/environment/path.sh
-- Up-to-date: /workspace/install/transport_robots/share/transport_robots/environment/path.dsv
-- Up-to-date: /workspace/install/transport_robots/share/transport_robots/local_setup.bash
-- Up-to-date: /workspace/install/transport_robots/share/transport_robots/local_setup.sh
-- Up-to-date: /workspace/install/transport_robots/share/transport_robots/local_setup.zsh
-- Up-to-date: /workspace/install/transport_robots/share/transport_robots/local_setup.dsv
-- Installing: /workspace/install/transport_robots/share/transport_robots/package.dsv
-- Up-to-date: /workspace/install/transport_robots/share/ament_index/resource_index/packages/transport_robots
-- Up-to-date: /workspace/install/transport_robots/share/transport_robots/cmake/transport_robotsConfig.cmake
-- Up-to-date: /workspace/install/transport_robots/share/transport_robots/cmake/transport_robotsConfig-version.cmake
-- Up-to-date: /workspace/install/transport_robots/share/transport_robots/package.xml
