-- Found ament_cmake: 1.3.12 (/opt/ros/humble/share/ament_cmake/cmake)
-- Found rclpy: 3.3.17 (/opt/ros/humble/share/rclpy/cmake)
-- Found geometry_msgs: 4.9.0 (/opt/ros/humble/share/geometry_msgs/cmake)
-- Found rosidl_generator_c: 3.1.7 (/opt/ros/humble/share/rosidl_generator_c/cmake)
-- Found rosidl_adapter: 3.1.7 (/opt/ros/humble/share/rosidl_adapter/cmake)
-- Found rosidl_generator_cpp: 3.1.7 (/opt/ros/humble/share/rosidl_generator_cpp/cmake)
-- Using all available rosidl_typesupport_c: rosidl_typesupport_fastrtps_c;rosidl_typesupport_introspection_c
-- Using all available rosidl_typesupport_cpp: rosidl_typesupport_fastrtps_cpp;rosidl_typesupport_introspection_cpp
-- Found sensor_msgs: 4.9.0 (/opt/ros/humble/share/sensor_msgs/cmake)
-- Found nav_msgs: 4.9.0 (/opt/ros/humble/share/nav_msgs/cmake)
-- Found tf2: 0.25.15 (/opt/ros/humble/share/tf2/cmake)
-- Found tf2_ros: 0.25.15 (/opt/ros/humble/share/tf2_ros/cmake)
-- Found rmw_implementation_cmake: 6.1.2 (/opt/ros/humble/share/rmw_implementation_cmake/cmake)
-- Found rmw_fastrtps_cpp: 6.2.8 (/opt/ros/humble/share/rmw_fastrtps_cpp/cmake)
-- Using RMW implementation 'rmw_fastrtps_cpp' as default
-- Found ament_lint_auto: 0.12.14 (/opt/ros/humble/share/ament_lint_auto/cmake)
-- Added test 'copyright' to check source files copyright and LICENSE
-- Added test 'flake8' to check Python code syntax and style conventions
-- Added test 'lint_cmake' to check CMake code style
-- Added test 'pep257' to check Python code against some of the docstring style conventions in PEP 257
-- Added test 'xmllint' to check XML markup files
-- Configuring done
-- Generating done
-- Build files have been written to: /workspace/build/transport_robots
Built target ament_cmake_python_copy_transport_robots
running egg_info
writing transport_robots.egg-info/PKG-INFO
writing dependency_links to transport_robots.egg-info/dependency_links.txt
writing top-level names to transport_robots.egg-info/top_level.txt
reading manifest file 'transport_robots.egg-info/SOURCES.txt'
writing manifest file 'transport_robots.egg-info/SOURCES.txt'
Built target ament_cmake_python_build_transport_robots_egg
-- Install configuration: ""
-- Up-to-date: /workspace/install/transport_robots/share/transport_robots/environment/pythonpath.sh
-- Installing: /workspace/install/transport_robots/share/transport_robots/environment/pythonpath.dsv
-- Up-to-date: /workspace/install/transport_robots/local/lib/python3.10/dist-packages/transport_robots-0.0.0-py3.10.egg-info
-- Installing: /workspace/install/transport_robots/local/lib/python3.10/dist-packages/transport_robots-0.0.0-py3.10.egg-info/PKG-INFO
-- Installing: /workspace/install/transport_robots/local/lib/python3.10/dist-packages/transport_robots-0.0.0-py3.10.egg-info/SOURCES.txt
-- Installing: /workspace/install/transport_robots/local/lib/python3.10/dist-packages/transport_robots-0.0.0-py3.10.egg-info/dependency_links.txt
-- Installing: /workspace/install/transport_robots/local/lib/python3.10/dist-packages/transport_robots-0.0.0-py3.10.egg-info/top_level.txt
-- Up-to-date: /workspace/install/transport_robots/local/lib/python3.10/dist-packages/transport_robots
-- Up-to-date: /workspace/install/transport_robots/local/lib/python3.10/dist-packages/transport_robots/__init__.py
Listing '/workspace/install/transport_robots/local/lib/python3.10/dist-packages/transport_robots'...
-- Up-to-date: /workspace/install/transport_robots/lib/transport_robots/robot_controller.py
-- Up-to-date: /workspace/install/transport_robots/lib/transport_robots/warehouse_manager.py
-- Up-to-date: /workspace/install/transport_robots/lib/transport_robots/product_manager.py
-- Up-to-date: /workspace/install/transport_robots/share/transport_robots/launch/
-- Up-to-date: /workspace/install/transport_robots/share/transport_robots/launch//warehouse_simulation.launch.py
-- Up-to-date: /workspace/install/transport_robots/share/transport_robots/urdf/
-- Up-to-date: /workspace/install/transport_robots/share/transport_robots/urdf//transport_robot.urdf.xacro
-- Up-to-date: /workspace/install/transport_robots/share/transport_robots/worlds/
-- Up-to-date: /workspace/install/transport_robots/share/transport_robots/worlds//warehouse.world
-- Installing: /workspace/install/transport_robots/share/ament_index/resource_index/package_run_dependencies/transport_robots
-- Installing: /workspace/install/transport_robots/share/ament_index/resource_index/parent_prefix_path/transport_robots
-- Installing: /workspace/install/transport_robots/share/transport_robots/environment/ament_prefix_path.sh
-- Installing: /workspace/install/transport_robots/share/transport_robots/environment/ament_prefix_path.dsv
-- Installing: /workspace/install/transport_robots/share/transport_robots/environment/path.sh
-- Installing: /workspace/install/transport_robots/share/transport_robots/environment/path.dsv
-- Installing: /workspace/install/transport_robots/share/transport_robots/local_setup.bash
-- Installing: /workspace/install/transport_robots/share/transport_robots/local_setup.sh
-- Installing: /workspace/install/transport_robots/share/transport_robots/local_setup.zsh
-- Installing: /workspace/install/transport_robots/share/transport_robots/local_setup.dsv
-- Installing: /workspace/install/transport_robots/share/transport_robots/package.dsv
-- Installing: /workspace/install/transport_robots/share/ament_index/resource_index/packages/transport_robots
-- Installing: /workspace/install/transport_robots/share/transport_robots/cmake/transport_robotsConfig.cmake
-- Installing: /workspace/install/transport_robots/share/transport_robots/cmake/transport_robotsConfig-version.cmake
-- Installing: /workspace/install/transport_robots/share/transport_robots/package.xml
