[0.006s] Invoking command in '/workspace/build/transport_robots': CMAKE_PREFIX_PATH=/opt/ros/humble /usr/bin/cmake --build /workspace/build/transport_robots -- -j20 -l20
[0.021s] -- Found ament_cmake: 1.3.12 (/opt/ros/humble/share/ament_cmake/cmake)
[0.100s] -- Found rclpy: 3.3.17 (/opt/ros/humble/share/rclpy/cmake)
[0.100s] -- Found geometry_msgs: 4.9.0 (/opt/ros/humble/share/geometry_msgs/cmake)
[0.114s] -- Found rosidl_generator_c: 3.1.7 (/opt/ros/humble/share/rosidl_generator_c/cmake)
[0.115s] -- Found rosidl_adapter: 3.1.7 (/opt/ros/humble/share/rosidl_adapter/cmake)
[0.118s] -- Found rosidl_generator_cpp: 3.1.7 (/opt/ros/humble/share/rosidl_generator_cpp/cmake)
[0.123s] -- Using all available rosidl_typesupport_c: rosidl_typesupport_fastrtps_c;rosidl_typesupport_introspection_c
[0.131s] -- Using all available rosidl_typesupport_cpp: rosidl_typesupport_fastrtps_cpp;rosidl_typesupport_introspection_cpp
[0.152s] -- Found sensor_msgs: 4.9.0 (/opt/ros/humble/share/sensor_msgs/cmake)
[0.162s] -- Found nav_msgs: 4.9.0 (/opt/ros/humble/share/nav_msgs/cmake)
[0.171s] -- Found tf2: 0.25.15 (/opt/ros/humble/share/tf2/cmake)
[0.174s] -- Found tf2_ros: 0.25.15 (/opt/ros/humble/share/tf2_ros/cmake)
[0.201s] -- Found rmw_implementation_cmake: 6.1.2 (/opt/ros/humble/share/rmw_implementation_cmake/cmake)
[0.202s] -- Found rmw_fastrtps_cpp: 6.2.8 (/opt/ros/humble/share/rmw_fastrtps_cpp/cmake)
[0.272s] -- Using RMW implementation 'rmw_fastrtps_cpp' as default
[0.364s] -- Found ament_lint_auto: 0.12.14 (/opt/ros/humble/share/ament_lint_auto/cmake)
[0.404s] -- Added test 'copyright' to check source files copyright and LICENSE
[0.405s] -- Added test 'flake8' to check Python code syntax and style conventions
[0.405s] -- Added test 'lint_cmake' to check CMake code style
[0.405s] -- Added test 'pep257' to check Python code against some of the docstring style conventions in PEP 257
[0.406s] -- Added test 'xmllint' to check XML markup files
[0.406s] -- Configuring done
[0.409s] -- Generating done
[0.411s] -- Build files have been written to: /workspace/build/transport_robots
[0.434s] Built target ament_cmake_python_copy_transport_robots
[0.550s] running egg_info
[0.551s] writing transport_robots.egg-info/PKG-INFO
[0.551s] writing dependency_links to transport_robots.egg-info/dependency_links.txt
[0.551s] writing top-level names to transport_robots.egg-info/top_level.txt
[0.552s] reading manifest file 'transport_robots.egg-info/SOURCES.txt'
[0.552s] writing manifest file 'transport_robots.egg-info/SOURCES.txt'
[0.567s] Built target ament_cmake_python_build_transport_robots_egg
[0.573s] Invoked command in '/workspace/build/transport_robots' returned '0': CMAKE_PREFIX_PATH=/opt/ros/humble /usr/bin/cmake --build /workspace/build/transport_robots -- -j20 -l20
[0.577s] Invoking command in '/workspace/build/transport_robots': CMAKE_PREFIX_PATH=/opt/ros/humble /usr/bin/cmake --install /workspace/build/transport_robots
[0.580s] -- Install configuration: ""
[0.581s] -- Up-to-date: /workspace/install/transport_robots/share/transport_robots/environment/pythonpath.sh
[0.581s] -- Installing: /workspace/install/transport_robots/share/transport_robots/environment/pythonpath.dsv
[0.581s] -- Up-to-date: /workspace/install/transport_robots/local/lib/python3.10/dist-packages/transport_robots-0.0.0-py3.10.egg-info
[0.581s] -- Installing: /workspace/install/transport_robots/local/lib/python3.10/dist-packages/transport_robots-0.0.0-py3.10.egg-info/PKG-INFO
[0.581s] -- Installing: /workspace/install/transport_robots/local/lib/python3.10/dist-packages/transport_robots-0.0.0-py3.10.egg-info/SOURCES.txt
[0.581s] -- Installing: /workspace/install/transport_robots/local/lib/python3.10/dist-packages/transport_robots-0.0.0-py3.10.egg-info/dependency_links.txt
[0.581s] -- Installing: /workspace/install/transport_robots/local/lib/python3.10/dist-packages/transport_robots-0.0.0-py3.10.egg-info/top_level.txt
[0.581s] -- Up-to-date: /workspace/install/transport_robots/local/lib/python3.10/dist-packages/transport_robots
[0.581s] -- Up-to-date: /workspace/install/transport_robots/local/lib/python3.10/dist-packages/transport_robots/__init__.py
[0.604s] Listing '/workspace/install/transport_robots/local/lib/python3.10/dist-packages/transport_robots'...
[0.609s] -- Up-to-date: /workspace/install/transport_robots/lib/transport_robots/robot_controller.py
[0.609s] -- Up-to-date: /workspace/install/transport_robots/lib/transport_robots/warehouse_manager.py
[0.609s] -- Up-to-date: /workspace/install/transport_robots/lib/transport_robots/product_manager.py
[0.609s] -- Up-to-date: /workspace/install/transport_robots/share/transport_robots/launch/
[0.609s] -- Up-to-date: /workspace/install/transport_robots/share/transport_robots/launch//warehouse_simulation.launch.py
[0.609s] -- Up-to-date: /workspace/install/transport_robots/share/transport_robots/urdf/
[0.609s] -- Up-to-date: /workspace/install/transport_robots/share/transport_robots/urdf//transport_robot.urdf.xacro
[0.609s] -- Up-to-date: /workspace/install/transport_robots/share/transport_robots/worlds/
[0.609s] -- Up-to-date: /workspace/install/transport_robots/share/transport_robots/worlds//warehouse.world
[0.609s] -- Installing: /workspace/install/transport_robots/share/ament_index/resource_index/package_run_dependencies/transport_robots
[0.609s] -- Installing: /workspace/install/transport_robots/share/ament_index/resource_index/parent_prefix_path/transport_robots
[0.609s] -- Installing: /workspace/install/transport_robots/share/transport_robots/environment/ament_prefix_path.sh
[0.609s] -- Installing: /workspace/install/transport_robots/share/transport_robots/environment/ament_prefix_path.dsv
[0.609s] -- Installing: /workspace/install/transport_robots/share/transport_robots/environment/path.sh
[0.609s] -- Installing: /workspace/install/transport_robots/share/transport_robots/environment/path.dsv
[0.609s] -- Installing: /workspace/install/transport_robots/share/transport_robots/local_setup.bash
[0.610s] -- Installing: /workspace/install/transport_robots/share/transport_robots/local_setup.sh
[0.610s] -- Installing: /workspace/install/transport_robots/share/transport_robots/local_setup.zsh
[0.610s] -- Installing: /workspace/install/transport_robots/share/transport_robots/local_setup.dsv
[0.610s] -- Installing: /workspace/install/transport_robots/share/transport_robots/package.dsv
[0.610s] -- Installing: /workspace/install/transport_robots/share/ament_index/resource_index/packages/transport_robots
[0.610s] -- Installing: /workspace/install/transport_robots/share/transport_robots/cmake/transport_robotsConfig.cmake
[0.610s] -- Installing: /workspace/install/transport_robots/share/transport_robots/cmake/transport_robotsConfig-version.cmake
[0.610s] -- Installing: /workspace/install/transport_robots/share/transport_robots/package.xml
[0.611s] Invoked command in '/workspace/build/transport_robots' returned '0': CMAKE_PREFIX_PATH=/opt/ros/humble /usr/bin/cmake --install /workspace/build/transport_robots
