[0.000000] (-) TimerEvent: {}
[0.000200] (transport_robots) JobQueued: {'identifier': 'transport_robots', 'dependencies': OrderedDict()}
[0.000225] (transport_robots) JobStarted: {'identifier': 'transport_robots'}
[0.004448] (transport_robots) JobProgress: {'identifier': 'transport_robots', 'progress': 'cmake'}
[0.004803] (transport_robots) JobProgress: {'identifier': 'transport_robots', 'progress': 'build'}
[0.005261] (transport_robots) Command: {'cmd': ['/usr/bin/cmake', '--build', '/workspace/build/transport_robots', '--', '-j20', '-l20'], 'cwd': '/workspace/build/transport_robots', 'env': OrderedDict([('HOSTNAME', 'tatsu-g15-ubuntu'), ('SHLVL', '1'), ('LD_LIBRARY_PATH', '/usr/lib/x86_64-linux-gnu/gazebo-11/plugins:/opt/ros/humble/opt/rviz_ogre_vendor/lib:/opt/ros/humble/lib/x86_64-linux-gnu:/opt/ros/humble/lib'), ('HOME', '/root'), ('OLDPWD', '/workspace'), ('ROS_PYTHON_VERSION', '3'), ('ROS_DISTRO', 'humble'), ('_', '/usr/bin/colcon'), ('ROS_VERSION', '2'), ('TERM', 'xterm'), ('ROS_LOCALHOST_ONLY', '0'), ('QT_X11_NO_MITSHM', '1'), ('PATH', '/opt/ros/humble/bin:/usr/local/sbin:/usr/local/bin:/usr/sbin:/usr/bin:/sbin:/bin'), ('DISPLAY', ':1'), ('LANG', 'C.UTF-8'), ('RMW_IMPLEMENTATION', 'rmw_fastrtps_cpp'), ('ROS_DOMAIN_ID', '0'), ('AMENT_PREFIX_PATH', '/opt/ros/humble'), ('PWD', '/workspace/build/transport_robots'), ('LC_ALL', 'C.UTF-8'), ('PYTHONPATH', '/opt/ros/humble/lib/python3.10/site-packages:/opt/ros/humble/local/lib/python3.10/dist-packages'), ('COLCON', '1'), ('CMAKE_PREFIX_PATH', '/opt/ros/humble')]), 'shell': False}
[0.020935] (transport_robots) StdoutLine: {'line': b'-- Found ament_cmake: 1.3.12 (/opt/ros/humble/share/ament_cmake/cmake)\n'}
[0.099591] (-) TimerEvent: {}
[0.099760] (transport_robots) StdoutLine: {'line': b'-- Found rclpy: 3.3.17 (/opt/ros/humble/share/rclpy/cmake)\n'}
[0.099859] (transport_robots) StdoutLine: {'line': b'-- Found geometry_msgs: 4.9.0 (/opt/ros/humble/share/geometry_msgs/cmake)\n'}
[0.113703] (transport_robots) StdoutLine: {'line': b'-- Found rosidl_generator_c: 3.1.7 (/opt/ros/humble/share/rosidl_generator_c/cmake)\n'}
[0.114936] (transport_robots) StdoutLine: {'line': b'-- Found rosidl_adapter: 3.1.7 (/opt/ros/humble/share/rosidl_adapter/cmake)\n'}
[0.118167] (transport_robots) StdoutLine: {'line': b'-- Found rosidl_generator_cpp: 3.1.7 (/opt/ros/humble/share/rosidl_generator_cpp/cmake)\n'}
[0.123431] (transport_robots) StdoutLine: {'line': b'-- Using all available rosidl_typesupport_c: rosidl_typesupport_fastrtps_c;rosidl_typesupport_introspection_c\n'}
[0.130808] (transport_robots) StdoutLine: {'line': b'-- Using all available rosidl_typesupport_cpp: rosidl_typesupport_fastrtps_cpp;rosidl_typesupport_introspection_cpp\n'}
[0.151831] (transport_robots) StdoutLine: {'line': b'-- Found sensor_msgs: 4.9.0 (/opt/ros/humble/share/sensor_msgs/cmake)\n'}
[0.161708] (transport_robots) StdoutLine: {'line': b'-- Found nav_msgs: 4.9.0 (/opt/ros/humble/share/nav_msgs/cmake)\n'}
[0.171624] (transport_robots) StdoutLine: {'line': b'-- Found tf2: 0.25.15 (/opt/ros/humble/share/tf2/cmake)\n'}
[0.173996] (transport_robots) StdoutLine: {'line': b'-- Found tf2_ros: 0.25.15 (/opt/ros/humble/share/tf2_ros/cmake)\n'}
[0.199681] (-) TimerEvent: {}
[0.201085] (transport_robots) StdoutLine: {'line': b'-- Found rmw_implementation_cmake: 6.1.2 (/opt/ros/humble/share/rmw_implementation_cmake/cmake)\n'}
[0.201903] (transport_robots) StdoutLine: {'line': b'-- Found rmw_fastrtps_cpp: 6.2.8 (/opt/ros/humble/share/rmw_fastrtps_cpp/cmake)\n'}
[0.271708] (transport_robots) StdoutLine: {'line': b"-- Using RMW implementation 'rmw_fastrtps_cpp' as default\n"}
[0.299772] (-) TimerEvent: {}
[0.364616] (transport_robots) StdoutLine: {'line': b'-- Found ament_lint_auto: 0.12.14 (/opt/ros/humble/share/ament_lint_auto/cmake)\n'}
[0.399972] (-) TimerEvent: {}
[0.404175] (transport_robots) StdoutLine: {'line': b"-- Added test 'copyright' to check source files copyright and LICENSE\n"}
[0.405244] (transport_robots) StdoutLine: {'line': b"-- Added test 'flake8' to check Python code syntax and style conventions\n"}
[0.405341] (transport_robots) StdoutLine: {'line': b"-- Added test 'lint_cmake' to check CMake code style\n"}
[0.405400] (transport_robots) StdoutLine: {'line': b"-- Added test 'pep257' to check Python code against some of the docstring style conventions in PEP 257\n"}
[0.405898] (transport_robots) StdoutLine: {'line': b"-- Added test 'xmllint' to check XML markup files\n"}
[0.406121] (transport_robots) StdoutLine: {'line': b'-- Configuring done\n'}
[0.409365] (transport_robots) StdoutLine: {'line': b'-- Generating done\n'}
[0.411057] (transport_robots) StdoutLine: {'line': b'-- Build files have been written to: /workspace/build/transport_robots\n'}
[0.434536] (transport_robots) StdoutLine: {'line': b'Built target ament_cmake_python_copy_transport_robots\n'}
[0.500175] (-) TimerEvent: {}
[0.550507] (transport_robots) StdoutLine: {'line': b'running egg_info\n'}
[0.550872] (transport_robots) StdoutLine: {'line': b'writing transport_robots.egg-info/PKG-INFO\n'}
[0.550954] (transport_robots) StdoutLine: {'line': b'writing dependency_links to transport_robots.egg-info/dependency_links.txt\n'}
[0.551004] (transport_robots) StdoutLine: {'line': b'writing top-level names to transport_robots.egg-info/top_level.txt\n'}
[0.551913] (transport_robots) StdoutLine: {'line': b"reading manifest file 'transport_robots.egg-info/SOURCES.txt'\n"}
[0.552148] (transport_robots) StdoutLine: {'line': b"writing manifest file 'transport_robots.egg-info/SOURCES.txt'\n"}
[0.567458] (transport_robots) StdoutLine: {'line': b'Built target ament_cmake_python_build_transport_robots_egg\n'}
[0.573014] (transport_robots) CommandEnded: {'returncode': 0}
[0.573234] (transport_robots) JobProgress: {'identifier': 'transport_robots', 'progress': 'install'}
[0.576788] (transport_robots) Command: {'cmd': ['/usr/bin/cmake', '--install', '/workspace/build/transport_robots'], 'cwd': '/workspace/build/transport_robots', 'env': OrderedDict([('HOSTNAME', 'tatsu-g15-ubuntu'), ('SHLVL', '1'), ('LD_LIBRARY_PATH', '/usr/lib/x86_64-linux-gnu/gazebo-11/plugins:/opt/ros/humble/opt/rviz_ogre_vendor/lib:/opt/ros/humble/lib/x86_64-linux-gnu:/opt/ros/humble/lib'), ('HOME', '/root'), ('OLDPWD', '/workspace'), ('ROS_PYTHON_VERSION', '3'), ('ROS_DISTRO', 'humble'), ('_', '/usr/bin/colcon'), ('ROS_VERSION', '2'), ('TERM', 'xterm'), ('ROS_LOCALHOST_ONLY', '0'), ('QT_X11_NO_MITSHM', '1'), ('PATH', '/opt/ros/humble/bin:/usr/local/sbin:/usr/local/bin:/usr/sbin:/usr/bin:/sbin:/bin'), ('DISPLAY', ':1'), ('LANG', 'C.UTF-8'), ('RMW_IMPLEMENTATION', 'rmw_fastrtps_cpp'), ('ROS_DOMAIN_ID', '0'), ('AMENT_PREFIX_PATH', '/opt/ros/humble'), ('PWD', '/workspace/build/transport_robots'), ('LC_ALL', 'C.UTF-8'), ('PYTHONPATH', '/opt/ros/humble/lib/python3.10/site-packages:/opt/ros/humble/local/lib/python3.10/dist-packages'), ('COLCON', '1'), ('CMAKE_PREFIX_PATH', '/opt/ros/humble')]), 'shell': False}
[0.580644] (transport_robots) StdoutLine: {'line': b'-- Install configuration: ""\n'}
[0.580758] (transport_robots) StdoutLine: {'line': b'-- Up-to-date: /workspace/install/transport_robots/share/transport_robots/environment/pythonpath.sh\n'}
[0.580913] (transport_robots) StdoutLine: {'line': b'-- Installing: /workspace/install/transport_robots/share/transport_robots/environment/pythonpath.dsv\n'}
[0.580961] (transport_robots) StdoutLine: {'line': b'-- Up-to-date: /workspace/install/transport_robots/local/lib/python3.10/dist-packages/transport_robots-0.0.0-py3.10.egg-info\n'}
[0.580992] (transport_robots) StdoutLine: {'line': b'-- Installing: /workspace/install/transport_robots/local/lib/python3.10/dist-packages/transport_robots-0.0.0-py3.10.egg-info/PKG-INFO\n'}
[0.581121] (transport_robots) StdoutLine: {'line': b'-- Installing: /workspace/install/transport_robots/local/lib/python3.10/dist-packages/transport_robots-0.0.0-py3.10.egg-info/SOURCES.txt\n'}
[0.581193] (transport_robots) StdoutLine: {'line': b'-- Installing: /workspace/install/transport_robots/local/lib/python3.10/dist-packages/transport_robots-0.0.0-py3.10.egg-info/dependency_links.txt\n'}
[0.581231] (transport_robots) StdoutLine: {'line': b'-- Installing: /workspace/install/transport_robots/local/lib/python3.10/dist-packages/transport_robots-0.0.0-py3.10.egg-info/top_level.txt\n'}
[0.581265] (transport_robots) StdoutLine: {'line': b'-- Up-to-date: /workspace/install/transport_robots/local/lib/python3.10/dist-packages/transport_robots\n'}
[0.581291] (transport_robots) StdoutLine: {'line': b'-- Up-to-date: /workspace/install/transport_robots/local/lib/python3.10/dist-packages/transport_robots/__init__.py\n'}
[0.600265] (-) TimerEvent: {}
[0.604552] (transport_robots) StdoutLine: {'line': b"Listing '/workspace/install/transport_robots/local/lib/python3.10/dist-packages/transport_robots'...\n"}
[0.608750] (transport_robots) StdoutLine: {'line': b'-- Up-to-date: /workspace/install/transport_robots/lib/transport_robots/robot_controller.py\n'}
[0.608943] (transport_robots) StdoutLine: {'line': b'-- Up-to-date: /workspace/install/transport_robots/lib/transport_robots/warehouse_manager.py\n'}
[0.609026] (transport_robots) StdoutLine: {'line': b'-- Up-to-date: /workspace/install/transport_robots/lib/transport_robots/product_manager.py\n'}
[0.609080] (transport_robots) StdoutLine: {'line': b'-- Up-to-date: /workspace/install/transport_robots/share/transport_robots/launch/\n'}
[0.609131] (transport_robots) StdoutLine: {'line': b'-- Up-to-date: /workspace/install/transport_robots/share/transport_robots/launch//warehouse_simulation.launch.py\n'}
[0.609179] (transport_robots) StdoutLine: {'line': b'-- Up-to-date: /workspace/install/transport_robots/share/transport_robots/urdf/\n'}
[0.609225] (transport_robots) StdoutLine: {'line': b'-- Up-to-date: /workspace/install/transport_robots/share/transport_robots/urdf//transport_robot.urdf.xacro\n'}
[0.609271] (transport_robots) StdoutLine: {'line': b'-- Up-to-date: /workspace/install/transport_robots/share/transport_robots/worlds/\n'}
[0.609349] (transport_robots) StdoutLine: {'line': b'-- Up-to-date: /workspace/install/transport_robots/share/transport_robots/worlds//warehouse.world\n'}
[0.609398] (transport_robots) StdoutLine: {'line': b'-- Installing: /workspace/install/transport_robots/share/ament_index/resource_index/package_run_dependencies/transport_robots\n'}
[0.609456] (transport_robots) StdoutLine: {'line': b'-- Installing: /workspace/install/transport_robots/share/ament_index/resource_index/parent_prefix_path/transport_robots\n'}
[0.609504] (transport_robots) StdoutLine: {'line': b'-- Installing: /workspace/install/transport_robots/share/transport_robots/environment/ament_prefix_path.sh\n'}
[0.609551] (transport_robots) StdoutLine: {'line': b'-- Installing: /workspace/install/transport_robots/share/transport_robots/environment/ament_prefix_path.dsv\n'}
[0.609597] (transport_robots) StdoutLine: {'line': b'-- Installing: /workspace/install/transport_robots/share/transport_robots/environment/path.sh\n'}
[0.609642] (transport_robots) StdoutLine: {'line': b'-- Installing: /workspace/install/transport_robots/share/transport_robots/environment/path.dsv\n'}
[0.609687] (transport_robots) StdoutLine: {'line': b'-- Installing: /workspace/install/transport_robots/share/transport_robots/local_setup.bash\n'}
[0.609756] (transport_robots) StdoutLine: {'line': b'-- Installing: /workspace/install/transport_robots/share/transport_robots/local_setup.sh\n'}
[0.609836] (transport_robots) StdoutLine: {'line': b'-- Installing: /workspace/install/transport_robots/share/transport_robots/local_setup.zsh\n'}
[0.609881] (transport_robots) StdoutLine: {'line': b'-- Installing: /workspace/install/transport_robots/share/transport_robots/local_setup.dsv\n'}
[0.609925] (transport_robots) StdoutLine: {'line': b'-- Installing: /workspace/install/transport_robots/share/transport_robots/package.dsv\n'}
[0.609970] (transport_robots) StdoutLine: {'line': b'-- Installing: /workspace/install/transport_robots/share/ament_index/resource_index/packages/transport_robots\n'}
[0.610016] (transport_robots) StdoutLine: {'line': b'-- Installing: /workspace/install/transport_robots/share/transport_robots/cmake/transport_robotsConfig.cmake\n'}
[0.610060] (transport_robots) StdoutLine: {'line': b'-- Installing: /workspace/install/transport_robots/share/transport_robots/cmake/transport_robotsConfig-version.cmake\n'}
[0.610114] (transport_robots) StdoutLine: {'line': b'-- Installing: /workspace/install/transport_robots/share/transport_robots/package.xml\n'}
[0.611385] (transport_robots) CommandEnded: {'returncode': 0}
[0.625791] (transport_robots) JobEnded: {'identifier': 'transport_robots', 'rc': 0}
[0.626304] (-) EventReactorShutdown: {}
